{"uuid":"7fda58c3-4e70-4a2d-9376-74576ef83b49","historyId":"16fbcaa4e7befd5782220573c58d8baf","fullName":"com.misa.projects.amisaccounting.testscript.LoginTest.Home_Access_PIM_001","labels":[{"name":"package","value":"com.misa.projects.amisaccounting.testscript.LoginTest"},{"name":"testClass","value":"com.misa.projects.amisaccounting.testscript.LoginTest"},{"name":"testMethod","value":"Home_Access_PIM_001"},{"name":"parentSuite","value":"Default Suite"},{"name":"suite","value":"selenium-final-project"},{"name":"subSuite","value":"com.misa.projects.amisaccounting.testscript.LoginTest"},{"name":"host","value":"DESKTOP-OOFBHA8"},{"name":"thread","value":"31128@DESKTOP-OOFBHA8.main(1)"},{"name":"framework","value":"testng"},{"name":"language","value":"java"},{"name":"epic","value":"Regression Test"},{"name":"feature","value":"Login Function"}],"links":[],"name":"Access with PIM","status":"broken","statusDetails":{"known":false,"muted":false,"flaky":false,"message":"no such element: Unable to locate element: {\"method\":\"xpath\",\"selector\":\"//label[text()='Select Option']/following::div[@class='oxd-select-wrapper'][1]\"}\n  (Session info: chrome=109.0.5414.120)\nFor documentation on this error, please visit: https://selenium.dev/exceptions/#no_such_element\nBuild info: version: '4.3.0', revision: 'a4995e2c09*'\nSystem info: host: 'DESKTOP-OOFBHA8', ip: '192.168.0.107', os.name: 'Windows 10', os.arch: 'amd64', os.version: '10.0', java.version: '11.0.12'\nDriver info: org.openqa.selenium.chrome.ChromeDriver\nCommand: [db1fdf446c195c9de40cfd6d563d244d, findElement {using=xpath, value=//label[text()='Select Option']/following::div[@class='oxd-select-wrapper'][1]}]\nCapabilities {acceptInsecureCerts: true, browserName: chrome, browserVersion: 109.0.5414.120, chrome: {chromedriverVersion: 109.0.5414.74 (e7c5703604da..., userDataDir: C:\\Users\\ADMIN\\AppData\\Loca...}, goog:chromeOptions: {debuggerAddress: localhost:64247}, networkConnectionEnabled: false, pageLoadStrategy: normal, platformName: WINDOWS, proxy: Proxy(), se:cdp: ws://localhost:64247/devtoo..., se:cdpVersion: 109.0.5414.120, setWindowRect: true, strictFileInteractability: false, timeouts: {implicit: 0, pageLoad: 300000, script: 30000}, unhandledPromptBehavior: dismiss and notify, webauthn:extension:credBlob: true, webauthn:extension:largeBlob: true, webauthn:virtualAuthenticators: true}\nSession ID: db1fdf446c195c9de40cfd6d563d244d","trace":"org.openqa.selenium.NoSuchElementException: no such element: Unable to locate element: {\"method\":\"xpath\",\"selector\":\"//label[text()='Select Option']/following::div[@class='oxd-select-wrapper'][1]\"}\n  (Session info: chrome=109.0.5414.120)\nFor documentation on this error, please visit: https://selenium.dev/exceptions/#no_such_element\nBuild info: version: '4.3.0', revision: 'a4995e2c09*'\nSystem info: host: 'DESKTOP-OOFBHA8', ip: '192.168.0.107', os.name: 'Windows 10', os.arch: 'amd64', os.version: '10.0', java.version: '11.0.12'\nDriver info: org.openqa.selenium.chrome.ChromeDriver\nCommand: [db1fdf446c195c9de40cfd6d563d244d, findElement {using=xpath, value=//label[text()='Select Option']/following::div[@class='oxd-select-wrapper'][1]}]\nCapabilities {acceptInsecureCerts: true, browserName: chrome, browserVersion: 109.0.5414.120, chrome: {chromedriverVersion: 109.0.5414.74 (e7c5703604da..., userDataDir: C:\\Users\\ADMIN\\AppData\\Loca...}, goog:chromeOptions: {debuggerAddress: localhost:64247}, networkConnectionEnabled: false, pageLoadStrategy: normal, platformName: WINDOWS, proxy: Proxy(), se:cdp: ws://localhost:64247/devtoo..., se:cdpVersion: 109.0.5414.120, setWindowRect: true, strictFileInteractability: false, timeouts: {implicit: 0, pageLoad: 300000, script: 30000}, unhandledPromptBehavior: dismiss and notify, webauthn:extension:credBlob: true, webauthn:extension:largeBlob: true, webauthn:virtualAuthenticators: true}\nSession ID: db1fdf446c195c9de40cfd6d563d244d\r\n\tat jdk.internal.reflect.GeneratedConstructorAccessor18.newInstance(Unknown Source)\r\n\tat java.base/jdk.internal.reflect.DelegatingConstructorAccessorImpl.newInstance(DelegatingConstructorAccessorImpl.java:45)\r\n\tat java.base/java.lang.reflect.Constructor.newInstance(Constructor.java:490)\r\n\tat org.openqa.selenium.remote.codec.w3c.W3CHttpResponseCodec.createException(W3CHttpResponseCodec.java:200)\r\n\tat org.openqa.selenium.remote.codec.w3c.W3CHttpResponseCodec.decode(W3CHttpResponseCodec.java:133)\r\n\tat org.openqa.selenium.remote.codec.w3c.W3CHttpResponseCodec.decode(W3CHttpResponseCodec.java:53)\r\n\tat org.openqa.selenium.remote.HttpCommandExecutor.execute(HttpCommandExecutor.java:184)\r\n\tat org.openqa.selenium.remote.service.DriverCommandExecutor.invokeExecute(DriverCommandExecutor.java:167)\r\n\tat org.openqa.selenium.remote.service.DriverCommandExecutor.execute(DriverCommandExecutor.java:142)\r\n\tat org.openqa.selenium.remote.RemoteWebDriver.execute(RemoteWebDriver.java:569)\r\n\tat org.openqa.selenium.remote.ElementLocation$ElementFinder$2.findElement(ElementLocation.java:162)\r\n\tat org.openqa.selenium.remote.ElementLocation.findElement(ElementLocation.java:60)\r\n\tat org.openqa.selenium.remote.RemoteWebDriver.findElement(RemoteWebDriver.java:387)\r\n\tat org.openqa.selenium.remote.RemoteWebDriver.findElement(RemoteWebDriver.java:379)\r\n\tat jdk.internal.reflect.GeneratedMethodAccessor1.invoke(Unknown Source)\r\n\tat java.base/jdk.internal.reflect.DelegatingMethodAccessorImpl.invoke(DelegatingMethodAccessorImpl.java:43)\r\n\tat java.base/java.lang.reflect.Method.invoke(Method.java:566)\r\n\tat org.openqa.selenium.support.ThreadGuard$WebDriverInvocationHandler.invokeUnderlying(ThreadGuard.java:101)\r\n\tat org.openqa.selenium.support.ThreadGuard$WebDriverInvocationHandler.invoke(ThreadGuard.java:93)\r\n\tat com.sun.proxy.$Proxy34.findElement(Unknown Source)\r\n\tat com.misa.utils.WebUI.getWebElement(WebUI.java:170)\r\n\tat com.misa.utils.WebUI.clickElement(WebUI.java:248)\r\n\tat com.misa.projects.amisaccounting.page.HomePage.clickElementCombo(HomePage.java:74)\r\n\tat com.misa.projects.amisaccounting.page.HomePage.clickTypeAndSelect(HomePage.java:94)\r\n\tat com.misa.projects.amisaccounting.page.HomePage.inputInfoCustomField(HomePage.java:108)\r\n\tat com.misa.projects.amisaccounting.testscript.LoginTest.Home_Access_PIM_001(LoginTest.java:53)\r\n\tat java.base/jdk.internal.reflect.NativeMethodAccessorImpl.invoke0(Native Method)\r\n\tat java.base/jdk.internal.reflect.NativeMethodAccessorImpl.invoke(NativeMethodAccessorImpl.java:62)\r\n\tat java.base/jdk.internal.reflect.DelegatingMethodAccessorImpl.invoke(DelegatingMethodAccessorImpl.java:43)\r\n\tat java.base/java.lang.reflect.Method.invoke(Method.java:566)\r\n\tat org.testng.internal.MethodInvocationHelper.invokeMethod(MethodInvocationHelper.java:133)\r\n\tat org.testng.internal.TestInvoker.invokeMethod(TestInvoker.java:598)\r\n\tat org.testng.internal.TestInvoker.invokeTestMethod(TestInvoker.java:173)\r\n\tat org.testng.internal.MethodRunner.runInSequence(MethodRunner.java:46)\r\n\tat org.testng.internal.TestInvoker$MethodInvocationAgent.invoke(TestInvoker.java:824)\r\n\tat org.testng.internal.TestInvoker.invokeTestMethods(TestInvoker.java:146)\r\n\tat org.testng.internal.TestMethodWorker.invokeTestMethods(TestMethodWorker.java:146)\r\n\tat org.testng.internal.TestMethodWorker.run(TestMethodWorker.java:128)\r\n\tat java.base/java.util.ArrayList.forEach(ArrayList.java:1541)\r\n\tat org.testng.TestRunner.privateRun(TestRunner.java:794)\r\n\tat org.testng.TestRunner.run(TestRunner.java:596)\r\n\tat org.testng.SuiteRunner.runTest(SuiteRunner.java:377)\r\n\tat org.testng.SuiteRunner.runSequentially(SuiteRunner.java:371)\r\n\tat org.testng.SuiteRunner.privateRun(SuiteRunner.java:332)\r\n\tat org.testng.SuiteRunner.run(SuiteRunner.java:276)\r\n\tat org.testng.SuiteRunnerWorker.runSuite(SuiteRunnerWorker.java:53)\r\n\tat org.testng.SuiteRunnerWorker.run(SuiteRunnerWorker.java:96)\r\n\tat org.testng.TestNG.runSuitesSequentially(TestNG.java:1212)\r\n\tat org.testng.TestNG.runSuitesLocally(TestNG.java:1134)\r\n\tat org.testng.TestNG.runSuites(TestNG.java:1063)\r\n\tat org.testng.TestNG.run(TestNG.java:1031)\r\n\tat com.intellij.rt.testng.IDEARemoteTestNG.run(IDEARemoteTestNG.java:66)\r\n\tat com.intellij.rt.testng.RemoteTestNGStarter.main(RemoteTestNGStarter.java:109)\r\n"},"stage":"finished","steps":[{"name":"Click on the element {element}","status":"passed","stage":"finished","steps":[],"attachments":[],"parameters":[{"name":"object","value":"By.xpath: //span[text()='PIM']"},{"name":"titles","value":"[PIM]"}],"start":1675313684900,"stop":1675313689200},{"name":"Verify the Page URL https://opensource-demo.orangehrmlive.com/web/index.php/pim/viewEmployeeList","status":"passed","stage":"finished","steps":[],"attachments":[],"parameters":[{"name":"pageUrl","value":"https://opensource-demo.orangehrmlive.com/web/index.php/pim/viewEmployeeList"},{"name":"msg","value":"check go to PIM"}],"start":1675313689200,"stop":1675313692231},{"name":"Click on the element {element}","status":"passed","stage":"finished","steps":[],"attachments":[],"parameters":[{"name":"object","value":"By.xpath: //span[text()='Configuration ']"},{"name":"titles","value":"[Configuration ]"}],"start":1675313692259,"stop":1675313692314},{"name":"Click on the element {element}","status":"passed","stage":"finished","steps":[],"attachments":[],"parameters":[{"name":"object","value":"By.xpath: //ul[@role='menu']//a[text()='Custom Fields']"},{"name":"titles","value":"[Custom Fields]"}],"start":1675313692900,"stop":1675313696135},{"name":"Click on the element {element}","status":"passed","stage":"finished","steps":[],"attachments":[],"parameters":[{"name":"object","value":"By.xpath: //button[normalize-space()='Add']"},{"name":"titles","value":"[Add]"}],"start":1675313697718,"stop":1675313702265},{"name":"Insert text khanh to Field Name     (Element's locator: : {element})","status":"passed","stage":"finished","steps":[],"attachments":[],"parameters":[{"name":"object","value":"By.xpath: //label[text()='Field Name']/following::input"},{"name":"title","value":"Field Name"},{"name":"value","value":"khanh"},{"name":"isClear","value":"[]"}],"start":1675313702811,"stop":1675313703015},{"name":"Click on the element {element}","status":"passed","stage":"finished","steps":[],"attachments":[],"parameters":[{"name":"object","value":"By.xpath: //label[text()='Screen']/following::div[@class='oxd-select-wrapper'][1]"},{"name":"titles","value":"[Contact Details]"}],"start":1675313703044,"stop":1675313703420},{"name":"Click on the element {element}","status":"passed","stage":"finished","steps":[],"attachments":[],"parameters":[{"name":"object","value":"By.xpath: //span[text()='Contact Details']"},{"name":"titles","value":"[Contact Details]"}],"start":1675313703447,"stop":1675313703502},{"name":"Click on the element {element}","status":"passed","stage":"finished","steps":[],"attachments":[],"parameters":[{"name":"object","value":"By.xpath: //label[text()='Type']/following::div[@class='oxd-select-wrapper'][1]"},{"name":"titles","value":"[Text or Number]"}],"start":1675313703529,"stop":1675313703578},{"name":"Click on the element {element}","status":"passed","stage":"finished","steps":[],"attachments":[],"parameters":[{"name":"object","value":"By.xpath: //span[text()='Text or Number']"},{"name":"titles","value":"[Text or Number]"}],"start":1675313703603,"stop":1675313703656},{"name":"Click on the element {element}","status":"passed","stage":"finished","steps":[],"attachments":[],"parameters":[{"name":"object","value":"By.xpath: //button[normalize-space()='Save']"},{"name":"titles","value":"[Save]"}],"start":1675313703682,"stop":1675313703733},{"name":"Click on the element {element}","status":"passed","stage":"finished","steps":[],"attachments":[],"parameters":[{"name":"object","value":"By.xpath: //button[normalize-space()='Add']"},{"name":"titles","value":"[Add]"}],"start":1675313708790,"stop":1675313710118},{"name":"Insert text khanh nguyen to Field Name     (Element's locator: : {element})","status":"passed","stage":"finished","steps":[],"attachments":[],"parameters":[{"name":"object","value":"By.xpath: //label[text()='Field Name']/following::input"},{"name":"title","value":"Field Name"},{"name":"value","value":"khanh nguyen"},{"name":"isClear","value":"[]"}],"start":1675313711782,"stop":1675313711993},{"name":"Click on the element {element}","status":"passed","stage":"finished","steps":[],"attachments":[],"parameters":[{"name":"object","value":"By.xpath: //label[text()='Screen']/following::div[@class='oxd-select-wrapper'][1]"},{"name":"titles","value":"[Personal Details]"}],"start":1675313712015,"stop":1675313712066},{"name":"Click on the element {element}","status":"passed","stage":"finished","steps":[],"attachments":[],"parameters":[{"name":"object","value":"By.xpath: //span[text()='Personal Details']"},{"name":"titles","value":"[Personal Details]"}],"start":1675313712092,"stop":1675313712142},{"name":"Click on the element {element}","status":"passed","stage":"finished","steps":[],"attachments":[],"parameters":[{"name":"object","value":"By.xpath: //label[text()='Type']/following::div[@class='oxd-select-wrapper'][1]"},{"name":"titles","value":"[Drop Down]"}],"start":1675313712165,"stop":1675313712225},{"name":"Click on the element {element}","status":"passed","stage":"finished","steps":[],"attachments":[],"parameters":[{"name":"object","value":"By.xpath: //span[text()='Drop Down']"},{"name":"titles","value":"[Drop Down]"}],"start":1675313712253,"stop":1675313712306},{"name":"Click on the element {element}","status":"broken","statusDetails":{"known":false,"muted":false,"flaky":false,"message":"no such element: Unable to locate element: {\"method\":\"xpath\",\"selector\":\"//label[text()='Select Option']/following::div[@class='oxd-select-wrapper'][1]\"}\n  (Session info: chrome=109.0.5414.120)\nFor documentation on this error, please visit: https://selenium.dev/exceptions/#no_such_element\nBuild info: version: '4.3.0', revision: 'a4995e2c09*'\nSystem info: host: 'DESKTOP-OOFBHA8', ip: '192.168.0.107', os.name: 'Windows 10', os.arch: 'amd64', os.version: '10.0', java.version: '11.0.12'\nDriver info: org.openqa.selenium.chrome.ChromeDriver\nCommand: [db1fdf446c195c9de40cfd6d563d244d, findElement {using=xpath, value=//label[text()='Select Option']/following::div[@class='oxd-select-wrapper'][1]}]\nCapabilities {acceptInsecureCerts: true, browserName: chrome, browserVersion: 109.0.5414.120, chrome: {chromedriverVersion: 109.0.5414.74 (e7c5703604da..., userDataDir: C:\\Users\\ADMIN\\AppData\\Loca...}, goog:chromeOptions: {debuggerAddress: localhost:64247}, networkConnectionEnabled: false, pageLoadStrategy: normal, platformName: WINDOWS, proxy: Proxy(), se:cdp: ws://localhost:64247/devtoo..., se:cdpVersion: 109.0.5414.120, setWindowRect: true, strictFileInteractability: false, timeouts: {implicit: 0, pageLoad: 300000, script: 30000}, unhandledPromptBehavior: dismiss and notify, webauthn:extension:credBlob: true, webauthn:extension:largeBlob: true, webauthn:virtualAuthenticators: true}\nSession ID: db1fdf446c195c9de40cfd6d563d244d","trace":"org.openqa.selenium.NoSuchElementException: no such element: Unable to locate element: {\"method\":\"xpath\",\"selector\":\"//label[text()='Select Option']/following::div[@class='oxd-select-wrapper'][1]\"}\n  (Session info: chrome=109.0.5414.120)\nFor documentation on this error, please visit: https://selenium.dev/exceptions/#no_such_element\nBuild info: version: '4.3.0', revision: 'a4995e2c09*'\nSystem info: host: 'DESKTOP-OOFBHA8', ip: '192.168.0.107', os.name: 'Windows 10', os.arch: 'amd64', os.version: '10.0', java.version: '11.0.12'\nDriver info: org.openqa.selenium.chrome.ChromeDriver\nCommand: [db1fdf446c195c9de40cfd6d563d244d, findElement {using=xpath, value=//label[text()='Select Option']/following::div[@class='oxd-select-wrapper'][1]}]\nCapabilities {acceptInsecureCerts: true, browserName: chrome, browserVersion: 109.0.5414.120, chrome: {chromedriverVersion: 109.0.5414.74 (e7c5703604da..., userDataDir: C:\\Users\\ADMIN\\AppData\\Loca...}, goog:chromeOptions: {debuggerAddress: localhost:64247}, networkConnectionEnabled: false, pageLoadStrategy: normal, platformName: WINDOWS, proxy: Proxy(), se:cdp: ws://localhost:64247/devtoo..., se:cdpVersion: 109.0.5414.120, setWindowRect: true, strictFileInteractability: false, timeouts: {implicit: 0, pageLoad: 300000, script: 30000}, unhandledPromptBehavior: dismiss and notify, webauthn:extension:credBlob: true, webauthn:extension:largeBlob: true, webauthn:virtualAuthenticators: true}\nSession ID: db1fdf446c195c9de40cfd6d563d244d\r\n\tat jdk.internal.reflect.GeneratedConstructorAccessor18.newInstance(Unknown Source)\r\n\tat java.base/jdk.internal.reflect.DelegatingConstructorAccessorImpl.newInstance(DelegatingConstructorAccessorImpl.java:45)\r\n\tat java.base/java.lang.reflect.Constructor.newInstance(Constructor.java:490)\r\n\tat org.openqa.selenium.remote.codec.w3c.W3CHttpResponseCodec.createException(W3CHttpResponseCodec.java:200)\r\n\tat org.openqa.selenium.remote.codec.w3c.W3CHttpResponseCodec.decode(W3CHttpResponseCodec.java:133)\r\n\tat org.openqa.selenium.remote.codec.w3c.W3CHttpResponseCodec.decode(W3CHttpResponseCodec.java:53)\r\n\tat org.openqa.selenium.remote.HttpCommandExecutor.execute(HttpCommandExecutor.java:184)\r\n\tat org.openqa.selenium.remote.service.DriverCommandExecutor.invokeExecute(DriverCommandExecutor.java:167)\r\n\tat org.openqa.selenium.remote.service.DriverCommandExecutor.execute(DriverCommandExecutor.java:142)\r\n\tat org.openqa.selenium.remote.RemoteWebDriver.execute(RemoteWebDriver.java:569)\r\n\tat org.openqa.selenium.remote.ElementLocation$ElementFinder$2.findElement(ElementLocation.java:162)\r\n\tat org.openqa.selenium.remote.ElementLocation.findElement(ElementLocation.java:60)\r\n\tat org.openqa.selenium.remote.RemoteWebDriver.findElement(RemoteWebDriver.java:387)\r\n\tat org.openqa.selenium.remote.RemoteWebDriver.findElement(RemoteWebDriver.java:379)\r\n\tat jdk.internal.reflect.GeneratedMethodAccessor1.invoke(Unknown Source)\r\n\tat java.base/jdk.internal.reflect.DelegatingMethodAccessorImpl.invoke(DelegatingMethodAccessorImpl.java:43)\r\n\tat java.base/java.lang.reflect.Method.invoke(Method.java:566)\r\n\tat org.openqa.selenium.support.ThreadGuard$WebDriverInvocationHandler.invokeUnderlying(ThreadGuard.java:101)\r\n\tat org.openqa.selenium.support.ThreadGuard$WebDriverInvocationHandler.invoke(ThreadGuard.java:93)\r\n\tat com.sun.proxy.$Proxy34.findElement(Unknown Source)\r\n\tat com.misa.utils.WebUI.getWebElement(WebUI.java:170)\r\n\tat com.misa.utils.WebUI.clickElement(WebUI.java:248)\r\n\tat com.misa.projects.amisaccounting.page.HomePage.clickElementCombo(HomePage.java:74)\r\n\tat com.misa.projects.amisaccounting.page.HomePage.clickTypeAndSelect(HomePage.java:94)\r\n\tat com.misa.projects.amisaccounting.page.HomePage.inputInfoCustomField(HomePage.java:108)\r\n\tat com.misa.projects.amisaccounting.testscript.LoginTest.Home_Access_PIM_001(LoginTest.java:53)\r\n\tat java.base/jdk.internal.reflect.NativeMethodAccessorImpl.invoke0(Native Method)\r\n\tat java.base/jdk.internal.reflect.NativeMethodAccessorImpl.invoke(NativeMethodAccessorImpl.java:62)\r\n\tat java.base/jdk.internal.reflect.DelegatingMethodAccessorImpl.invoke(DelegatingMethodAccessorImpl.java:43)\r\n\tat java.base/java.lang.reflect.Method.invoke(Method.java:566)\r\n\tat org.testng.internal.MethodInvocationHelper.invokeMethod(MethodInvocationHelper.java:133)\r\n\tat org.testng.internal.TestInvoker.invokeMethod(TestInvoker.java:598)\r\n\tat org.testng.internal.TestInvoker.invokeTestMethod(TestInvoker.java:173)\r\n\tat org.testng.internal.MethodRunner.runInSequence(MethodRunner.java:46)\r\n\tat org.testng.internal.TestInvoker$MethodInvocationAgent.invoke(TestInvoker.java:824)\r\n\tat org.testng.internal.TestInvoker.invokeTestMethods(TestInvoker.java:146)\r\n\tat org.testng.internal.TestMethodWorker.invokeTestMethods(TestMethodWorker.java:146)\r\n\tat org.testng.internal.TestMethodWorker.run(TestMethodWorker.java:128)\r\n\tat java.base/java.util.ArrayList.forEach(ArrayList.java:1541)\r\n\tat org.testng.TestRunner.privateRun(TestRunner.java:794)\r\n\tat org.testng.TestRunner.run(TestRunner.java:596)\r\n\tat org.testng.SuiteRunner.runTest(SuiteRunner.java:377)\r\n\tat org.testng.SuiteRunner.runSequentially(SuiteRunner.java:371)\r\n\tat org.testng.SuiteRunner.privateRun(SuiteRunner.java:332)\r\n\tat org.testng.SuiteRunner.run(SuiteRunner.java:276)\r\n\tat org.testng.SuiteRunnerWorker.runSuite(SuiteRunnerWorker.java:53)\r\n\tat org.testng.SuiteRunnerWorker.run(SuiteRunnerWorker.java:96)\r\n\tat org.testng.TestNG.runSuitesSequentially(TestNG.java:1212)\r\n\tat org.testng.TestNG.runSuitesLocally(TestNG.java:1134)\r\n\tat org.testng.TestNG.runSuites(TestNG.java:1063)\r\n\tat org.testng.TestNG.run(TestNG.java:1031)\r\n\tat com.intellij.rt.testng.IDEARemoteTestNG.run(IDEARemoteTestNG.java:66)\r\n\tat com.intellij.rt.testng.RemoteTestNGStarter.main(RemoteTestNGStarter.java:109)\r\n"},"stage":"finished","steps":[],"attachments":[],"parameters":[{"name":"object","value":"By.xpath: //label[text()='Select Option']/following::div[@class='oxd-select-wrapper'][1]"},{"name":"titles","value":"[A,B,C,D]"}],"start":1675313722758,"stop":1675313727807}],"attachments":[],"parameters":[],"start":1675313684864,"stop":1675313728196}