[INFO ] 10-02-2023 08:23:56 [main] [Log] - Loaded all properties files.
[INFO ] 10-02-2023 08:23:56 [main] [Log] - TestBase: Properties For Testing:
{databaseName=KETOAN_AUTO_HOADON, language=vi, exportVideoPath=ExportData/Videos, open_reports_after_execution=no, screenshot_all_steps=no, WAIT_DEFAULT=10, testing_version=1.0, CHROME_DRIVER=, author=MISA, reportTitle=AMIS ACCOUNTING | Automation Report, video_record=no, zip_folder=no, exportCapturePath=ExportData/Images, WAIT_PAGE_LOADED=30, projectName=AMIS ACCOUNTING, WAIT_EXPLICIT=10, extentReportFolder=ExtentReports, draw_border_err_element=yes, WAIT_IMPLICIT=3, extentReportName=ExtentReports, tfslink=http://tfs2017-01:8080/tfs/defaultcollection/SMECLOUD/_workitems?id=, loginExcelDataPath=src/test/resources/datatest/amisaccounting/LoginData.xlsx, screenshot_failed_steps=yes, browser=chrome, remote_url=localhost, remote_port=4444, screenshot_passed_steps=no, override_reports=yes, target=local, headless=false, ACTIVE_PAGE_LOADED=true, WAIT_SLEEP_STEP=1, screenshot_skipped_steps=yes, send_email_to_users=no}
[INFO ] 10-02-2023 08:23:56 [main] [Log] - 
---------------------------------------------------------------
TestListener: TESTING FOR TEST SUITE: Default Suite
---------------------------------------------------------------
[INFO ] 10-02-2023 08:23:58 [main] [WebDriverManager] - Using chromedriver 109.0.5414.74 (resolved driver for Chrome 109)
[INFO ] 10-02-2023 08:23:58 [main] [WebDriverManager] - Exporting webdriver.chrome.driver as C:\Users\ADMIN\.cache\selenium\chromedriver\win32\109.0.5414.74\chromedriver.exe
[ERROR] 10-02-2023 08:28:49 [main] [Log] - org.openqa.selenium.TimeoutException: java.util.concurrent.TimeoutException
Build info: version: '4.3.0', revision: 'a4995e2c09*'
System info: host: 'DESKTOP-OOFBHA8', ip: '192.168.0.100', os.name: 'Windows 10', os.arch: 'amd64', os.version: '10.0', java.version: '11.0.12'
Driver info: org.openqa.selenium.chrome.ChromeDriver
Command: [746cc67d731b31a8ece091f3c5281922, get {url=https://opensource-demo.orangehrmlive.com/web/index.php/auth/login}]
Capabilities {acceptInsecureCerts: true, browserName: chrome, browserVersion: 109.0.5414.120, chrome: {chromedriverVersion: 109.0.5414.74 (e7c5703604da..., userDataDir: C:\Users\ADMIN\AppData\Loca...}, goog:chromeOptions: {debuggerAddress: localhost:55014}, networkConnectionEnabled: false, pageLoadStrategy: normal, platformName: WINDOWS, proxy: Proxy(), se:cdp: ws://localhost:55014/devtoo..., se:cdpVersion: 109.0.5414.120, setWindowRect: true, strictFileInteractability: false, timeouts: {implicit: 0, pageLoad: 300000, script: 30000}, unhandledPromptBehavior: dismiss and notify, webauthn:extension:credBlob: true, webauthn:extension:largeBlob: true, webauthn:virtualAuthenticators: true}
Session ID: 746cc67d731b31a8ece091f3c5281922
[INFO ] 10-02-2023 08:28:52 [main] [Log] - 
---------------------------------------------------------------
TestListener: START TC:  TC3
[INFO ] 10-02-2023 08:28:52 [main] [Log] - 
TestListener: COMPLETED TC: TC3 - SKIP 
---------------------------------------------------------------
[INFO ] 10-02-2023 08:28:52 [main] [Log] - captureScreenshot: Screenshot taken current URL: https://opensource-demo.orangehrmlive.com/web/index.php/auth/login
[INFO ] 10-02-2023 08:28:53 [main] [Log] - 
TestListener: FINISH TESTING FOR TEST SUITE: Default Suite 
---------------------------------------------------------------
[INFO ] 10-02-2023 08:48:07 [main] [Log] - Loaded all properties files.
[INFO ] 10-02-2023 08:48:07 [main] [Log] - TestBase: Properties For Testing:
{databaseName=KETOAN_AUTO_HOADON, language=vi, exportVideoPath=ExportData/Videos, open_reports_after_execution=no, screenshot_all_steps=no, WAIT_DEFAULT=10, testing_version=1.0, CHROME_DRIVER=, author=MISA, reportTitle=AMIS ACCOUNTING | Automation Report, video_record=no, zip_folder=no, exportCapturePath=ExportData/Images, WAIT_PAGE_LOADED=30, projectName=AMIS ACCOUNTING, WAIT_EXPLICIT=10, extentReportFolder=ExtentReports, draw_border_err_element=yes, WAIT_IMPLICIT=3, extentReportName=ExtentReports, tfslink=http://tfs2017-01:8080/tfs/defaultcollection/SMECLOUD/_workitems?id=, loginExcelDataPath=src/test/resources/datatest/amisaccounting/LoginData.xlsx, screenshot_failed_steps=yes, browser=chrome, remote_url=localhost, remote_port=4444, screenshot_passed_steps=no, override_reports=yes, target=local, headless=false, ACTIVE_PAGE_LOADED=true, WAIT_SLEEP_STEP=1, screenshot_skipped_steps=yes, send_email_to_users=no}
[INFO ] 10-02-2023 08:48:07 [main] [Log] - 
---------------------------------------------------------------
TestListener: TESTING FOR TEST SUITE: Default Suite
---------------------------------------------------------------
[INFO ] 10-02-2023 08:48:08 [main] [WebDriverManager] - Using chromedriver 109.0.5414.74 (resolved driver for Chrome 109)
[INFO ] 10-02-2023 08:48:08 [main] [WebDriverManager] - Exporting webdriver.chrome.driver as C:\Users\ADMIN\.cache\selenium\chromedriver\win32\109.0.5414.74\chromedriver.exe
[ERROR] 10-02-2023 08:53:12 [main] [Log] - org.openqa.selenium.TimeoutException: java.util.concurrent.TimeoutException
Build info: version: '4.3.0', revision: 'a4995e2c09*'
System info: host: 'DESKTOP-OOFBHA8', ip: '192.168.0.100', os.name: 'Windows 10', os.arch: 'amd64', os.version: '10.0', java.version: '11.0.12'
Driver info: org.openqa.selenium.chrome.ChromeDriver
Command: [781e174dacc8af0b24df46b36ad9fbdc, get {url=https://opensource-demo.orangehrmlive.com/web/index.php/auth/login}]
Capabilities {acceptInsecureCerts: true, browserName: chrome, browserVersion: 109.0.5414.120, chrome: {chromedriverVersion: 109.0.5414.74 (e7c5703604da..., userDataDir: C:\Users\ADMIN\AppData\Loca...}, goog:chromeOptions: {debuggerAddress: localhost:56126}, networkConnectionEnabled: false, pageLoadStrategy: normal, platformName: WINDOWS, proxy: Proxy(), se:cdp: ws://localhost:56126/devtoo..., se:cdpVersion: 109.0.5414.120, setWindowRect: true, strictFileInteractability: false, timeouts: {implicit: 0, pageLoad: 300000, script: 30000}, unhandledPromptBehavior: dismiss and notify, webauthn:extension:credBlob: true, webauthn:extension:largeBlob: true, webauthn:virtualAuthenticators: true}
Session ID: 781e174dacc8af0b24df46b36ad9fbdc
[INFO ] 10-02-2023 08:53:12 [main] [Log] - 
---------------------------------------------------------------
TestListener: START TC:  TC5
[INFO ] 10-02-2023 08:53:12 [main] [Log] - 
TestListener: COMPLETED TC: TC5 - SKIP 
---------------------------------------------------------------
[INFO ] 10-02-2023 08:53:13 [main] [Log] - captureScreenshot: Screenshot taken current URL: https://opensource-demo.orangehrmlive.com/web/index.php/auth/login
[INFO ] 10-02-2023 08:53:13 [main] [Log] - 
TestListener: FINISH TESTING FOR TEST SUITE: Default Suite 
---------------------------------------------------------------
[INFO ] 10-02-2023 09:12:56 [main] [Log] - Loaded all properties files.
[INFO ] 10-02-2023 09:12:56 [main] [Log] - TestBase: Properties For Testing:
{databaseName=KETOAN_AUTO_HOADON, language=vi, exportVideoPath=ExportData/Videos, open_reports_after_execution=no, screenshot_all_steps=no, WAIT_DEFAULT=10, testing_version=1.0, CHROME_DRIVER=, author=MISA, reportTitle=AMIS ACCOUNTING | Automation Report, video_record=no, zip_folder=no, exportCapturePath=ExportData/Images, WAIT_PAGE_LOADED=30, projectName=AMIS ACCOUNTING, WAIT_EXPLICIT=10, extentReportFolder=ExtentReports, draw_border_err_element=yes, WAIT_IMPLICIT=3, extentReportName=ExtentReports, tfslink=http://tfs2017-01:8080/tfs/defaultcollection/SMECLOUD/_workitems?id=, loginExcelDataPath=src/test/resources/datatest/amisaccounting/LoginData.xlsx, screenshot_failed_steps=yes, browser=chrome, remote_url=localhost, remote_port=4444, screenshot_passed_steps=no, override_reports=yes, target=local, headless=false, ACTIVE_PAGE_LOADED=true, WAIT_SLEEP_STEP=1, screenshot_skipped_steps=yes, send_email_to_users=no}
[INFO ] 10-02-2023 09:12:56 [main] [Log] - 
---------------------------------------------------------------
TestListener: TESTING FOR TEST SUITE: Default Suite
---------------------------------------------------------------
[INFO ] 10-02-2023 09:12:57 [main] [WebDriverManager] - Using chromedriver 109.0.5414.74 (resolved driver for Chrome 109)
[INFO ] 10-02-2023 09:12:57 [main] [WebDriverManager] - Exporting webdriver.chrome.driver as C:\Users\ADMIN\.cache\selenium\chromedriver\win32\109.0.5414.74\chromedriver.exe
[ERROR] 10-02-2023 09:16:08 [main] [Log] - org.openqa.selenium.TimeoutException: java.util.concurrent.TimeoutException
Build info: version: '4.3.0', revision: 'a4995e2c09*'
System info: host: 'DESKTOP-OOFBHA8', ip: '192.168.0.100', os.name: 'Windows 10', os.arch: 'amd64', os.version: '10.0', java.version: '11.0.12'
Driver info: org.openqa.selenium.chrome.ChromeDriver
Command: [2b76135aedb7af39c0954b7371ef38a9, get {url=https://opensource-demo.orangehrmlive.com/web/index.php/auth/login}]
Capabilities {acceptInsecureCerts: true, browserName: chrome, browserVersion: 109.0.5414.120, chrome: {chromedriverVersion: 109.0.5414.74 (e7c5703604da..., userDataDir: C:\Users\ADMIN\AppData\Loca...}, goog:chromeOptions: {debuggerAddress: localhost:57207}, networkConnectionEnabled: false, pageLoadStrategy: normal, platformName: WINDOWS, proxy: Proxy(), se:cdp: ws://localhost:57207/devtoo..., se:cdpVersion: 109.0.5414.120, setWindowRect: true, strictFileInteractability: false, timeouts: {implicit: 0, pageLoad: 300000, script: 30000}, unhandledPromptBehavior: dismiss and notify, webauthn:extension:credBlob: true, webauthn:extension:largeBlob: true, webauthn:virtualAuthenticators: true}
Session ID: 2b76135aedb7af39c0954b7371ef38a9
[INFO ] 10-02-2023 09:16:09 [main] [Log] - 
---------------------------------------------------------------
TestListener: START TC:  TC4
[INFO ] 10-02-2023 09:16:09 [main] [Log] - 
TestListener: COMPLETED TC: TC4 - SKIP 
---------------------------------------------------------------
[INFO ] 10-02-2023 09:16:10 [main] [Log] - captureScreenshot: Screenshot taken current URL: https://opensource-demo.orangehrmlive.com/web/index.php/auth/login
[INFO ] 10-02-2023 09:16:10 [main] [Log] - 
TestListener: FINISH TESTING FOR TEST SUITE: Default Suite 
---------------------------------------------------------------
[INFO ] 10-02-2023 09:18:35 [main] [Log] - Loaded all properties files.
[INFO ] 10-02-2023 09:18:35 [main] [Log] - TestBase: Properties For Testing:
{databaseName=KETOAN_AUTO_HOADON, language=vi, exportVideoPath=ExportData/Videos, open_reports_after_execution=no, screenshot_all_steps=no, WAIT_DEFAULT=10, testing_version=1.0, CHROME_DRIVER=, author=MISA, reportTitle=AMIS ACCOUNTING | Automation Report, video_record=no, zip_folder=no, exportCapturePath=ExportData/Images, WAIT_PAGE_LOADED=30, projectName=AMIS ACCOUNTING, WAIT_EXPLICIT=10, extentReportFolder=ExtentReports, draw_border_err_element=yes, WAIT_IMPLICIT=3, extentReportName=ExtentReports, tfslink=http://tfs2017-01:8080/tfs/defaultcollection/SMECLOUD/_workitems?id=, loginExcelDataPath=src/test/resources/datatest/amisaccounting/LoginData.xlsx, screenshot_failed_steps=yes, browser=chrome, remote_url=localhost, remote_port=4444, screenshot_passed_steps=no, override_reports=yes, target=local, headless=false, ACTIVE_PAGE_LOADED=true, WAIT_SLEEP_STEP=1, screenshot_skipped_steps=yes, send_email_to_users=no}
[INFO ] 10-02-2023 09:18:35 [main] [Log] - 
---------------------------------------------------------------
TestListener: TESTING FOR TEST SUITE: Default Suite
---------------------------------------------------------------
[INFO ] 10-02-2023 09:18:36 [main] [WebDriverManager] - Using chromedriver 109.0.5414.74 (resolved driver for Chrome 109)
[INFO ] 10-02-2023 09:18:36 [main] [WebDriverManager] - Exporting webdriver.chrome.driver as C:\Users\ADMIN\.cache\selenium\chromedriver\win32\109.0.5414.74\chromedriver.exe
[ERROR] 10-02-2023 09:22:17 [main] [Log] - org.openqa.selenium.TimeoutException: java.util.concurrent.TimeoutException
Build info: version: '4.3.0', revision: 'a4995e2c09*'
System info: host: 'DESKTOP-OOFBHA8', ip: '192.168.0.100', os.name: 'Windows 10', os.arch: 'amd64', os.version: '10.0', java.version: '11.0.12'
Driver info: org.openqa.selenium.chrome.ChromeDriver
Command: [7ac6c66fcfb10a5d7ff978259ce65e6e, get {url=https://opensource-demo.orangehrmlive.com/web/index.php/auth/login}]
Capabilities {acceptInsecureCerts: true, browserName: chrome, browserVersion: 109.0.5414.120, chrome: {chromedriverVersion: 109.0.5414.74 (e7c5703604da..., userDataDir: C:\Users\ADMIN\AppData\Loca...}, goog:chromeOptions: {debuggerAddress: localhost:57599}, networkConnectionEnabled: false, pageLoadStrategy: normal, platformName: WINDOWS, proxy: Proxy(), se:cdp: ws://localhost:57599/devtoo..., se:cdpVersion: 109.0.5414.120, setWindowRect: true, strictFileInteractability: false, timeouts: {implicit: 0, pageLoad: 300000, script: 30000}, unhandledPromptBehavior: dismiss and notify, webauthn:extension:credBlob: true, webauthn:extension:largeBlob: true, webauthn:virtualAuthenticators: true}
Session ID: 7ac6c66fcfb10a5d7ff978259ce65e6e
[INFO ] 10-02-2023 09:22:18 [main] [Log] - 
---------------------------------------------------------------
TestListener: START TC:  TC3
[INFO ] 10-02-2023 09:22:18 [main] [Log] - 
TestListener: COMPLETED TC: TC3 - SKIP 
---------------------------------------------------------------
[INFO ] 10-02-2023 09:22:18 [main] [Log] - captureScreenshot: Screenshot taken current URL: https://opensource-demo.orangehrmlive.com/web/index.php/auth/login
[INFO ] 10-02-2023 09:22:19 [main] [Log] - 
TestListener: FINISH TESTING FOR TEST SUITE: Default Suite 
---------------------------------------------------------------
[INFO ] 10-02-2023 09:26:46 [main] [Log] - Loaded all properties files.
[INFO ] 10-02-2023 09:26:46 [main] [Log] - TestBase: Properties For Testing:
{databaseName=KETOAN_AUTO_HOADON, language=vi, exportVideoPath=ExportData/Videos, open_reports_after_execution=no, screenshot_all_steps=no, WAIT_DEFAULT=10, testing_version=1.0, CHROME_DRIVER=, author=MISA, reportTitle=AMIS ACCOUNTING | Automation Report, video_record=no, zip_folder=no, exportCapturePath=ExportData/Images, WAIT_PAGE_LOADED=30, projectName=AMIS ACCOUNTING, WAIT_EXPLICIT=10, extentReportFolder=ExtentReports, draw_border_err_element=yes, WAIT_IMPLICIT=3, extentReportName=ExtentReports, tfslink=http://tfs2017-01:8080/tfs/defaultcollection/SMECLOUD/_workitems?id=, loginExcelDataPath=src/test/resources/datatest/amisaccounting/LoginData.xlsx, screenshot_failed_steps=yes, browser=chrome, remote_url=localhost, remote_port=4444, screenshot_passed_steps=no, override_reports=yes, target=local, headless=false, ACTIVE_PAGE_LOADED=true, WAIT_SLEEP_STEP=1, screenshot_skipped_steps=yes, send_email_to_users=no}
[INFO ] 10-02-2023 09:26:46 [main] [Log] - 
---------------------------------------------------------------
TestListener: TESTING FOR TEST SUITE: Default Suite
---------------------------------------------------------------
[INFO ] 10-02-2023 09:26:47 [main] [WebDriverManager] - Using chromedriver 109.0.5414.74 (resolved driver for Chrome 109)
[INFO ] 10-02-2023 09:26:47 [main] [WebDriverManager] - Exporting webdriver.chrome.driver as C:\Users\ADMIN\.cache\selenium\chromedriver\win32\109.0.5414.74\chromedriver.exe
[INFO ] 10-02-2023 09:29:24 [main] [Log] - Actual URL: https://opensource-demo.orangehrmlive.com/web/index.php/auth/login
[INFO ] 10-02-2023 09:29:29 [main] [Log] - waitForElementVisibleWithBy: Element By.xpath: //input[contains(@placeholder,'Username')] : visible
[INFO ] 10-02-2023 09:29:29 [main] [Log] - waitForElementVisibleWithBy: Element By.xpath: //input[contains(@placeholder,'Password')] : visible
[INFO ] 10-02-2023 09:29:30 [main] [Log] - waitForElementClickableBy: Element By.xpath: //button[normalize-space()='Login'] : clickable
[INFO ] 10-02-2023 09:29:31 [main] [Log] - 
---------------------------------------------------------------
TestListener: START TC:  TC5
[INFO ] 10-02-2023 09:29:32 [main] [Log] - waitForElementClickableBy: Element By.xpath: //span[text()='PIM'] : clickable
[INFO ] 10-02-2023 09:29:39 [main] [Log] - Actual URL: https://opensource-demo.orangehrmlive.com/web/index.php/pim/viewEmployeeList
[INFO ] 10-02-2023 09:29:39 [main] [Log] - waitForElementClickableBy: Element By.xpath: //a[text()='Reports'] : clickable
[INFO ] 10-02-2023 09:29:40 [main] [Log] - waitForElementClickableBy: Element By.xpath: //button[normalize-space()='Add'] : clickable
[INFO ] 10-02-2023 09:29:50 [main] [Log] - waitForElementVisibleWithBy: Element By.xpath: //label[contains(text(),'Report Name')]/following::input[1] : visible
[INFO ] 10-02-2023 09:29:50 [main] [Log] - waitForElementClickableBy: Element By.xpath: //label[contains(text(),'Selection Criteria')]/following::div[@class='oxd-select-wrapper'][1] : clickable
[INFO ] 10-02-2023 09:29:50 [main] [Log] - waitForElementClickableBy: Element By.xpath: //span[text()='Education'] : clickable
[INFO ] 10-02-2023 09:29:50 [main] [Log] - waitForElementClickableBy: Element By.xpath: //label[contains(text(),'Include')]/following::div[@class='oxd-select-wrapper'][1] : clickable
[INFO ] 10-02-2023 09:29:50 [main] [Log] - waitForElementClickableBy: Element By.xpath: //span[text()='Past Employees Only'] : clickable
[INFO ] 10-02-2023 09:29:50 [main] [Log] - waitForElementClickableBy: Element By.xpath: //label[contains(text(),'Field Group')]/following::div[@class='oxd-select-wrapper'][1] : clickable
[INFO ] 10-02-2023 09:29:51 [main] [Log] - waitForElementClickableBy: Element By.xpath: //span[text()='Personal'] : clickable
[INFO ] 10-02-2023 09:29:51 [main] [Log] - waitForElementClickableBy: Element By.xpath: //label[contains(text(),'Display Field')]/following::div[@class='oxd-select-wrapper'][1] : clickable
[INFO ] 10-02-2023 09:30:01 [main] [Log] - waitForElementClickableBy: Element By.xpath: //span[text()='Employee Id'] : unclickable
[INFO ] 10-02-2023 09:30:01 [main] [Log] - waitForElementClickableBy: Element By.xpath: //span[text()='Employee Id'] : unclickable
[INFO ] 10-02-2023 09:30:06 [main] [Log] - 
TestListener: COMPLETED TC: TC5 - FAIL 
---------------------------------------------------------------
[INFO ] 10-02-2023 09:30:06 [main] [Log] - captureScreenshot: Screenshot taken current URL: https://opensource-demo.orangehrmlive.com/web/index.php/pim/definePredefinedReport
[ERROR] 10-02-2023 09:30:06 [main] [Log] - FAILED !! Screenshot for test case: TC5
[ERROR] 10-02-2023 09:30:07 [main] [Log] - org.openqa.selenium.NoSuchElementException: no such element: Unable to locate element: {"method":"xpath","selector":"//span[text()='Employee Id']"}
  (Session info: chrome=109.0.5414.120)
For documentation on this error, please visit: https://selenium.dev/exceptions/#no_such_element
Build info: version: '4.3.0', revision: 'a4995e2c09*'
System info: host: 'DESKTOP-OOFBHA8', ip: '192.168.0.100', os.name: 'Windows 10', os.arch: 'amd64', os.version: '10.0', java.version: '11.0.12'
Driver info: org.openqa.selenium.chrome.ChromeDriver
Command: [978e23ccabbd415918ef2468be844265, findElement {using=xpath, value=//span[text()='Employee Id']}]
Capabilities {acceptInsecureCerts: true, browserName: chrome, browserVersion: 109.0.5414.120, chrome: {chromedriverVersion: 109.0.5414.74 (e7c5703604da..., userDataDir: C:\Users\ADMIN\AppData\Loca...}, goog:chromeOptions: {debuggerAddress: localhost:57918}, networkConnectionEnabled: false, pageLoadStrategy: normal, platformName: WINDOWS, proxy: Proxy(), se:cdp: ws://localhost:57918/devtoo..., se:cdpVersion: 109.0.5414.120, setWindowRect: true, strictFileInteractability: false, timeouts: {implicit: 0, pageLoad: 300000, script: 30000}, unhandledPromptBehavior: dismiss and notify, webauthn:extension:credBlob: true, webauthn:extension:largeBlob: true, webauthn:virtualAuthenticators: true}
Session ID: 978e23ccabbd415918ef2468be844265
[INFO ] 10-02-2023 09:30:08 [main] [Log] - 
TestListener: FINISH TESTING FOR TEST SUITE: Default Suite 
---------------------------------------------------------------
[INFO ] 10-02-2023 09:41:49 [main] [Log] - Loaded all properties files.
[INFO ] 10-02-2023 09:41:49 [main] [Log] - TestBase: Properties For Testing:
{databaseName=KETOAN_AUTO_HOADON, language=vi, exportVideoPath=ExportData/Videos, open_reports_after_execution=no, screenshot_all_steps=no, WAIT_DEFAULT=10, testing_version=1.0, CHROME_DRIVER=, author=MISA, reportTitle=AMIS ACCOUNTING | Automation Report, video_record=no, zip_folder=no, exportCapturePath=ExportData/Images, WAIT_PAGE_LOADED=30, projectName=AMIS ACCOUNTING, WAIT_EXPLICIT=10, extentReportFolder=ExtentReports, draw_border_err_element=yes, WAIT_IMPLICIT=3, extentReportName=ExtentReports, tfslink=http://tfs2017-01:8080/tfs/defaultcollection/SMECLOUD/_workitems?id=, loginExcelDataPath=src/test/resources/datatest/amisaccounting/LoginData.xlsx, screenshot_failed_steps=yes, browser=chrome, remote_url=localhost, remote_port=4444, screenshot_passed_steps=no, override_reports=yes, target=local, headless=false, ACTIVE_PAGE_LOADED=true, WAIT_SLEEP_STEP=1, screenshot_skipped_steps=yes, send_email_to_users=no}
[INFO ] 10-02-2023 09:41:49 [main] [Log] - 
---------------------------------------------------------------
TestListener: TESTING FOR TEST SUITE: Default Suite
---------------------------------------------------------------
[INFO ] 10-02-2023 09:41:50 [main] [WebDriverManager] - Using chromedriver 109.0.5414.74 (resolved driver for Chrome 109)
[INFO ] 10-02-2023 09:41:50 [main] [WebDriverManager] - Exporting webdriver.chrome.driver as C:\Users\ADMIN\.cache\selenium\chromedriver\win32\109.0.5414.74\chromedriver.exe
[INFO ] 10-02-2023 09:44:22 [main] [Log] - Actual URL: https://opensource-demo.orangehrmlive.com/web/index.php/auth/login
[INFO ] 10-02-2023 09:44:32 [main] [Log] - waitForElementVisibleWithBy: Element By.xpath: //input[contains(@placeholder,'Username')] : visible
[INFO ] 10-02-2023 09:44:32 [main] [Log] - waitForElementVisibleWithBy: Element By.xpath: //input[contains(@placeholder,'Password')] : visible
[INFO ] 10-02-2023 09:44:32 [main] [Log] - waitForElementClickableBy: Element By.xpath: //button[normalize-space()='Login'] : clickable
[INFO ] 10-02-2023 09:44:34 [main] [Log] - 
---------------------------------------------------------------
TestListener: START TC:  TC5
[INFO ] 10-02-2023 09:44:36 [main] [Log] - waitForElementClickableBy: Element By.xpath: //span[text()='PIM'] : clickable
[INFO ] 10-02-2023 09:44:44 [main] [Log] - Actual URL: https://opensource-demo.orangehrmlive.com/web/index.php/pim/viewEmployeeList
[INFO ] 10-02-2023 09:44:44 [main] [Log] - waitForElementClickableBy: Element By.xpath: //a[text()='Reports'] : clickable
[INFO ] 10-02-2023 09:44:45 [main] [Log] - waitForElementClickableBy: Element By.xpath: //button[normalize-space()='Add'] : clickable
[INFO ] 10-02-2023 09:44:47 [main] [Log] - waitForElementVisibleWithBy: Element By.xpath: //label[contains(text(),'Report Name')]/following::input[1] : visible
[INFO ] 10-02-2023 09:44:47 [main] [Log] - waitForElementClickableBy: Element By.xpath: //label[contains(text(),'Selection Criteria')]/following::div[@class='oxd-select-wrapper'][1] : clickable
[INFO ] 10-02-2023 09:44:47 [main] [Log] - waitForElementClickableBy: Element By.xpath: //span[text()='Education'] : clickable
[INFO ] 10-02-2023 09:44:47 [main] [Log] - waitForElementClickableBy: Element By.xpath: //label[contains(text(),'Include')]/following::div[@class='oxd-select-wrapper'][1] : clickable
[INFO ] 10-02-2023 09:44:47 [main] [Log] - waitForElementClickableBy: Element By.xpath: //span[text()='Past Employees Only'] : clickable
[INFO ] 10-02-2023 09:44:47 [main] [Log] - waitForElementClickableBy: Element By.xpath: //label[contains(text(),'Field Group')]/following::div[@class='oxd-select-wrapper'][1] : clickable
[INFO ] 10-02-2023 09:44:47 [main] [Log] - waitForElementClickableBy: Element By.xpath: //span[text()='Personal'] : clickable
[INFO ] 10-02-2023 09:44:47 [main] [Log] - 
TestListener: COMPLETED TC: TC5 - FAIL 
---------------------------------------------------------------
[INFO ] 10-02-2023 09:44:48 [main] [Log] - captureScreenshot: Screenshot taken current URL: https://opensource-demo.orangehrmlive.com/web/index.php/pim/definePredefinedReport
[ERROR] 10-02-2023 09:44:48 [main] [Log] - FAILED !! Screenshot for test case: TC5
[ERROR] 10-02-2023 09:44:48 [main] [Log] - java.lang.ClassCastException: class java.lang.String cannot be cast to class org.openqa.selenium.WebElement (java.lang.String is in module java.base of loader 'bootstrap'; org.openqa.selenium.WebElement is in unnamed module of loader 'app')
[INFO ] 10-02-2023 09:44:49 [main] [Log] - 
TestListener: FINISH TESTING FOR TEST SUITE: Default Suite 
---------------------------------------------------------------
[INFO ] 10-02-2023 09:49:53 [main] [Log] - Loaded all properties files.
[INFO ] 10-02-2023 09:49:53 [main] [Log] - TestBase: Properties For Testing:
{databaseName=KETOAN_AUTO_HOADON, language=vi, exportVideoPath=ExportData/Videos, open_reports_after_execution=no, screenshot_all_steps=no, WAIT_DEFAULT=10, testing_version=1.0, CHROME_DRIVER=, author=MISA, reportTitle=AMIS ACCOUNTING | Automation Report, video_record=no, zip_folder=no, exportCapturePath=ExportData/Images, WAIT_PAGE_LOADED=30, projectName=AMIS ACCOUNTING, WAIT_EXPLICIT=10, extentReportFolder=ExtentReports, draw_border_err_element=yes, WAIT_IMPLICIT=3, extentReportName=ExtentReports, tfslink=http://tfs2017-01:8080/tfs/defaultcollection/SMECLOUD/_workitems?id=, loginExcelDataPath=src/test/resources/datatest/amisaccounting/LoginData.xlsx, screenshot_failed_steps=yes, browser=chrome, remote_url=localhost, remote_port=4444, screenshot_passed_steps=no, override_reports=yes, target=local, headless=false, ACTIVE_PAGE_LOADED=true, WAIT_SLEEP_STEP=1, screenshot_skipped_steps=yes, send_email_to_users=no}
[INFO ] 10-02-2023 09:49:53 [main] [Log] - 
---------------------------------------------------------------
TestListener: TESTING FOR TEST SUITE: Default Suite
---------------------------------------------------------------
[INFO ] 10-02-2023 09:49:53 [main] [WebDriverManager] - Using chromedriver 109.0.5414.74 (resolved driver for Chrome 109)
[INFO ] 10-02-2023 09:49:54 [main] [WebDriverManager] - Exporting webdriver.chrome.driver as C:\Users\ADMIN\.cache\selenium\chromedriver\win32\109.0.5414.74\chromedriver.exe
[INFO ] 10-02-2023 09:50:24 [main] [Log] - Actual URL: https://opensource-demo.orangehrmlive.com/web/index.php/auth/login
[INFO ] 10-02-2023 09:50:24 [main] [Log] - waitForElementVisibleWithBy: Element By.xpath: //input[contains(@placeholder,'Username')] : visible
[INFO ] 10-02-2023 09:50:24 [main] [Log] - waitForElementVisibleWithBy: Element By.xpath: //input[contains(@placeholder,'Password')] : visible
[INFO ] 10-02-2023 09:50:25 [main] [Log] - waitForElementClickableBy: Element By.xpath: //button[normalize-space()='Login'] : clickable
[INFO ] 10-02-2023 09:50:26 [main] [Log] - 
---------------------------------------------------------------
TestListener: START TC:  TC5
[INFO ] 10-02-2023 09:50:27 [main] [Log] - waitForElementClickableBy: Element By.xpath: //span[text()='PIM'] : clickable
[INFO ] 10-02-2023 09:50:31 [main] [Log] - Actual URL: https://opensource-demo.orangehrmlive.com/web/index.php/pim/viewEmployeeList
[INFO ] 10-02-2023 09:50:31 [main] [Log] - waitForElementClickableBy: Element By.xpath: //a[text()='Reports'] : clickable
[INFO ] 10-02-2023 09:50:32 [main] [Log] - waitForElementClickableBy: Element By.xpath: //button[normalize-space()='Add'] : clickable
[INFO ] 10-02-2023 09:50:34 [main] [Log] - waitForElementVisibleWithBy: Element By.xpath: //label[contains(text(),'Report Name')]/following::input[1] : visible
[INFO ] 10-02-2023 09:50:34 [main] [Log] - waitForElementClickableBy: Element By.xpath: //label[contains(text(),'Selection Criteria')]/following::div[@class='oxd-select-wrapper'][1] : clickable
[INFO ] 10-02-2023 09:50:34 [main] [Log] - waitForElementClickableBy: Element By.xpath: //span[text()='Education'] : clickable
[INFO ] 10-02-2023 09:50:34 [main] [Log] - waitForElementClickableBy: Element By.xpath: //label[contains(text(),'Include')]/following::div[@class='oxd-select-wrapper'][1] : clickable
[INFO ] 10-02-2023 09:50:34 [main] [Log] - waitForElementClickableBy: Element By.xpath: //span[text()='Past Employees Only'] : clickable
[INFO ] 10-02-2023 09:50:34 [main] [Log] - waitForElementClickableBy: Element By.xpath: //label[contains(text(),'Field Group')]/following::div[@class='oxd-select-wrapper'][1] : clickable
[INFO ] 10-02-2023 09:50:34 [main] [Log] - waitForElementClickableBy: Element By.xpath: //span[text()='Personal'] : clickable
[INFO ] 10-02-2023 09:50:34 [main] [Log] - 
TestListener: COMPLETED TC: TC5 - FAIL 
---------------------------------------------------------------
[INFO ] 10-02-2023 09:50:35 [main] [Log] - captureScreenshot: Screenshot taken current URL: https://opensource-demo.orangehrmlive.com/web/index.php/pim/definePredefinedReport
[ERROR] 10-02-2023 09:50:35 [main] [Log] - FAILED !! Screenshot for test case: TC5
[ERROR] 10-02-2023 09:50:35 [main] [Log] - java.lang.ClassCastException: class java.lang.String cannot be cast to class org.openqa.selenium.WebElement (java.lang.String is in module java.base of loader 'bootstrap'; org.openqa.selenium.WebElement is in unnamed module of loader 'app')
[INFO ] 10-02-2023 09:50:36 [main] [Log] - 
TestListener: FINISH TESTING FOR TEST SUITE: Default Suite 
---------------------------------------------------------------
[INFO ] 10-02-2023 09:55:45 [main] [Log] - Loaded all properties files.
[INFO ] 10-02-2023 09:55:45 [main] [Log] - TestBase: Properties For Testing:
{databaseName=KETOAN_AUTO_HOADON, language=vi, exportVideoPath=ExportData/Videos, open_reports_after_execution=no, screenshot_all_steps=no, WAIT_DEFAULT=10, testing_version=1.0, CHROME_DRIVER=, author=MISA, reportTitle=AMIS ACCOUNTING | Automation Report, video_record=no, zip_folder=no, exportCapturePath=ExportData/Images, WAIT_PAGE_LOADED=30, projectName=AMIS ACCOUNTING, WAIT_EXPLICIT=10, extentReportFolder=ExtentReports, draw_border_err_element=yes, WAIT_IMPLICIT=3, extentReportName=ExtentReports, tfslink=http://tfs2017-01:8080/tfs/defaultcollection/SMECLOUD/_workitems?id=, loginExcelDataPath=src/test/resources/datatest/amisaccounting/LoginData.xlsx, screenshot_failed_steps=yes, browser=chrome, remote_url=localhost, remote_port=4444, screenshot_passed_steps=no, override_reports=yes, target=local, headless=false, ACTIVE_PAGE_LOADED=true, WAIT_SLEEP_STEP=1, screenshot_skipped_steps=yes, send_email_to_users=no}
[INFO ] 10-02-2023 09:55:45 [main] [Log] - 
---------------------------------------------------------------
TestListener: TESTING FOR TEST SUITE: Default Suite
---------------------------------------------------------------
[INFO ] 10-02-2023 09:55:46 [main] [WebDriverManager] - Using chromedriver 109.0.5414.74 (resolved driver for Chrome 109)
[INFO ] 10-02-2023 09:55:46 [main] [WebDriverManager] - Exporting webdriver.chrome.driver as C:\Users\ADMIN\.cache\selenium\chromedriver\win32\109.0.5414.74\chromedriver.exe
[INFO ] 10-02-2023 09:56:02 [main] [Log] - Actual URL: https://opensource-demo.orangehrmlive.com/web/index.php/auth/login
[INFO ] 10-02-2023 09:56:02 [main] [Log] - waitForElementVisibleWithBy: Element By.xpath: //input[contains(@placeholder,'Username')] : visible
[INFO ] 10-02-2023 09:56:02 [main] [Log] - waitForElementVisibleWithBy: Element By.xpath: //input[contains(@placeholder,'Password')] : visible
[INFO ] 10-02-2023 09:56:02 [main] [Log] - waitForElementClickableBy: Element By.xpath: //button[normalize-space()='Login'] : clickable
[INFO ] 10-02-2023 09:56:03 [main] [Log] - 
---------------------------------------------------------------
TestListener: START TC:  TC5
[INFO ] 10-02-2023 09:56:04 [main] [Log] - waitForElementClickableBy: Element By.xpath: //span[text()='PIM'] : clickable
[INFO ] 10-02-2023 09:56:08 [main] [Log] - Actual URL: https://opensource-demo.orangehrmlive.com/web/index.php/pim/viewEmployeeList
[INFO ] 10-02-2023 09:56:08 [main] [Log] - waitForElementClickableBy: Element By.xpath: //a[text()='Reports'] : clickable
[INFO ] 10-02-2023 09:56:10 [main] [Log] - waitForElementClickableBy: Element By.xpath: //button[normalize-space()='Add'] : clickable
[INFO ] 10-02-2023 09:56:12 [main] [Log] - waitForElementVisibleWithBy: Element By.xpath: //label[contains(text(),'Report Name')]/following::input[1] : visible
[INFO ] 10-02-2023 09:56:12 [main] [Log] - waitForElementClickableBy: Element By.xpath: //label[contains(text(),'Selection Criteria')]/following::div[@class='oxd-select-wrapper'][1] : clickable
[INFO ] 10-02-2023 09:56:12 [main] [Log] - waitForElementClickableBy: Element By.xpath: //span[text()='Education'] : clickable
[INFO ] 10-02-2023 09:56:12 [main] [Log] - waitForElementClickableBy: Element By.xpath: //label[contains(text(),'Include')]/following::div[@class='oxd-select-wrapper'][1] : clickable
[INFO ] 10-02-2023 09:56:12 [main] [Log] - waitForElementClickableBy: Element By.xpath: //span[text()='Past Employees Only'] : clickable
[INFO ] 10-02-2023 09:56:12 [main] [Log] - waitForElementClickableBy: Element By.xpath: //label[contains(text(),'Field Group')]/following::div[@class='oxd-select-wrapper'][1] : clickable
[INFO ] 10-02-2023 09:56:12 [main] [Log] - waitForElementClickableBy: Element By.xpath: //span[text()='Personal'] : clickable
[INFO ] 10-02-2023 09:56:12 [main] [Log] - 
TestListener: COMPLETED TC: TC5 - FAIL 
---------------------------------------------------------------
[INFO ] 10-02-2023 09:56:13 [main] [Log] - captureScreenshot: Screenshot taken current URL: https://opensource-demo.orangehrmlive.com/web/index.php/pim/definePredefinedReport
[ERROR] 10-02-2023 09:56:13 [main] [Log] - FAILED !! Screenshot for test case: TC5
[ERROR] 10-02-2023 09:56:13 [main] [Log] - java.lang.RuntimeException: Your object should be a WebElement or a by object
[INFO ] 10-02-2023 09:56:13 [main] [Log] - 
TestListener: FINISH TESTING FOR TEST SUITE: Default Suite 
---------------------------------------------------------------
[INFO ] 10-02-2023 09:56:50 [main] [Log] - Loaded all properties files.
[INFO ] 10-02-2023 09:56:50 [main] [Log] - TestBase: Properties For Testing:
{databaseName=KETOAN_AUTO_HOADON, language=vi, exportVideoPath=ExportData/Videos, open_reports_after_execution=no, screenshot_all_steps=no, WAIT_DEFAULT=10, testing_version=1.0, CHROME_DRIVER=, author=MISA, reportTitle=AMIS ACCOUNTING | Automation Report, video_record=no, zip_folder=no, exportCapturePath=ExportData/Images, WAIT_PAGE_LOADED=30, projectName=AMIS ACCOUNTING, WAIT_EXPLICIT=10, extentReportFolder=ExtentReports, draw_border_err_element=yes, WAIT_IMPLICIT=3, extentReportName=ExtentReports, tfslink=http://tfs2017-01:8080/tfs/defaultcollection/SMECLOUD/_workitems?id=, loginExcelDataPath=src/test/resources/datatest/amisaccounting/LoginData.xlsx, screenshot_failed_steps=yes, browser=chrome, remote_url=localhost, remote_port=4444, screenshot_passed_steps=no, override_reports=yes, target=local, headless=false, ACTIVE_PAGE_LOADED=true, WAIT_SLEEP_STEP=1, screenshot_skipped_steps=yes, send_email_to_users=no}
[INFO ] 10-02-2023 09:56:50 [main] [Log] - 
---------------------------------------------------------------
TestListener: TESTING FOR TEST SUITE: Default Suite
---------------------------------------------------------------
[INFO ] 10-02-2023 09:56:51 [main] [WebDriverManager] - Using chromedriver 109.0.5414.74 (resolved driver for Chrome 109)
[INFO ] 10-02-2023 09:56:51 [main] [WebDriverManager] - Exporting webdriver.chrome.driver as C:\Users\ADMIN\.cache\selenium\chromedriver\win32\109.0.5414.74\chromedriver.exe
[INFO ] 10-02-2023 09:57:15 [main] [Log] - Actual URL: https://opensource-demo.orangehrmlive.com/web/index.php/auth/login
[INFO ] 10-02-2023 09:57:15 [main] [Log] - waitForElementVisibleWithBy: Element By.xpath: //input[contains(@placeholder,'Username')] : visible
[INFO ] 10-02-2023 09:57:15 [main] [Log] - waitForElementVisibleWithBy: Element By.xpath: //input[contains(@placeholder,'Password')] : visible
[INFO ] 10-02-2023 09:57:15 [main] [Log] - waitForElementClickableBy: Element By.xpath: //button[normalize-space()='Login'] : clickable
[INFO ] 10-02-2023 09:57:17 [main] [Log] - 
---------------------------------------------------------------
TestListener: START TC:  TC5
[INFO ] 10-02-2023 09:57:17 [main] [Log] - waitForElementClickableBy: Element By.xpath: //span[text()='PIM'] : clickable
[INFO ] 10-02-2023 09:57:22 [main] [Log] - Actual URL: https://opensource-demo.orangehrmlive.com/web/index.php/pim/viewEmployeeList
[INFO ] 10-02-2023 09:57:22 [main] [Log] - waitForElementClickableBy: Element By.xpath: //a[text()='Reports'] : clickable
[INFO ] 10-02-2023 09:57:23 [main] [Log] - waitForElementClickableBy: Element By.xpath: //button[normalize-space()='Add'] : clickable
[INFO ] 10-02-2023 09:57:24 [main] [Log] - waitForElementVisibleWithBy: Element By.xpath: //label[contains(text(),'Report Name')]/following::input[1] : visible
[INFO ] 10-02-2023 09:57:24 [main] [Log] - waitForElementClickableBy: Element By.xpath: //label[contains(text(),'Selection Criteria')]/following::div[@class='oxd-select-wrapper'][1] : clickable
[INFO ] 10-02-2023 09:57:24 [main] [Log] - waitForElementClickableBy: Element By.xpath: //span[text()='Education'] : clickable
[INFO ] 10-02-2023 09:57:25 [main] [Log] - waitForElementClickableBy: Element By.xpath: //label[contains(text(),'Include')]/following::div[@class='oxd-select-wrapper'][1] : clickable
[INFO ] 10-02-2023 09:57:25 [main] [Log] - waitForElementClickableBy: Element By.xpath: //span[text()='Past Employees Only'] : clickable
[INFO ] 10-02-2023 09:57:25 [main] [Log] - waitForElementClickableBy: Element By.xpath: //label[contains(text(),'Field Group')]/following::div[@class='oxd-select-wrapper'][1] : clickable
[INFO ] 10-02-2023 09:57:25 [main] [Log] - waitForElementClickableBy: Element By.xpath: //span[text()='Personal'] : clickable
[INFO ] 10-02-2023 09:57:25 [main] [Log] - waitForElementClickableBy: Element By.xpath: (//button[@type='button'])[3] : clickable
[INFO ] 10-02-2023 09:57:25 [main] [Log] - waitForElementClickableBy: Element By.xpath: //button[normalize-space()='Save'] : clickable
[INFO ] 10-02-2023 09:57:25 [main] [Log] - 
TestListener: COMPLETED TC: TC5 - PASS 
---------------------------------------------------------------
[INFO ] 10-02-2023 09:57:26 [main] [Log] - 
TestListener: FINISH TESTING FOR TEST SUITE: Default Suite 
---------------------------------------------------------------
[INFO ] 10-02-2023 09:57:40 [main] [Log] - Loaded all properties files.
[INFO ] 10-02-2023 09:57:40 [main] [Log] - TestBase: Properties For Testing:
{databaseName=KETOAN_AUTO_HOADON, language=vi, exportVideoPath=ExportData/Videos, open_reports_after_execution=no, screenshot_all_steps=no, WAIT_DEFAULT=10, testing_version=1.0, CHROME_DRIVER=, author=MISA, reportTitle=AMIS ACCOUNTING | Automation Report, video_record=no, zip_folder=no, exportCapturePath=ExportData/Images, WAIT_PAGE_LOADED=30, projectName=AMIS ACCOUNTING, WAIT_EXPLICIT=10, extentReportFolder=ExtentReports, draw_border_err_element=yes, WAIT_IMPLICIT=3, extentReportName=ExtentReports, tfslink=http://tfs2017-01:8080/tfs/defaultcollection/SMECLOUD/_workitems?id=, loginExcelDataPath=src/test/resources/datatest/amisaccounting/LoginData.xlsx, screenshot_failed_steps=yes, browser=chrome, remote_url=localhost, remote_port=4444, screenshot_passed_steps=no, override_reports=yes, target=local, headless=false, ACTIVE_PAGE_LOADED=true, WAIT_SLEEP_STEP=1, screenshot_skipped_steps=yes, send_email_to_users=no}
[INFO ] 10-02-2023 09:57:40 [main] [Log] - 
---------------------------------------------------------------
TestListener: TESTING FOR TEST SUITE: Default Suite
---------------------------------------------------------------
[INFO ] 10-02-2023 09:57:41 [main] [WebDriverManager] - Using chromedriver 109.0.5414.74 (resolved driver for Chrome 109)
[INFO ] 10-02-2023 09:57:41 [main] [WebDriverManager] - Exporting webdriver.chrome.driver as C:\Users\ADMIN\.cache\selenium\chromedriver\win32\109.0.5414.74\chromedriver.exe
[INFO ] 10-02-2023 09:58:18 [main] [Log] - Actual URL: https://opensource-demo.orangehrmlive.com/web/index.php/auth/login
[INFO ] 10-02-2023 09:58:21 [main] [Log] - waitForElementVisibleWithBy: Element By.xpath: //input[contains(@placeholder,'Username')] : visible
[INFO ] 10-02-2023 09:58:21 [main] [Log] - waitForElementVisibleWithBy: Element By.xpath: //input[contains(@placeholder,'Password')] : visible
[INFO ] 10-02-2023 09:58:21 [main] [Log] - waitForElementClickableBy: Element By.xpath: //button[normalize-space()='Login'] : clickable
[INFO ] 10-02-2023 09:58:24 [main] [Log] - 
---------------------------------------------------------------
TestListener: START TC:  TC3
[INFO ] 10-02-2023 09:58:24 [main] [Log] - waitForElementClickableBy: Element By.xpath: //span[text()='PIM'] : clickable
[INFO ] 10-02-2023 09:58:28 [main] [Log] - Actual URL: https://opensource-demo.orangehrmlive.com/web/index.php/pim/viewEmployeeList
[INFO ] 10-02-2023 09:58:28 [main] [Log] - waitForElementClickableBy: Element By.xpath: //a[text()='Add Employee'] : clickable
[INFO ] 10-02-2023 09:58:29 [main] [Log] - waitForElementVisibleWithBy: Element By.xpath: //input[contains(@placeholder,'First Name')] : visible
[INFO ] 10-02-2023 09:58:29 [main] [Log] - waitForElementVisibleWithBy: Element By.xpath: //input[contains(@placeholder,'Middle Name')] : visible
[INFO ] 10-02-2023 09:58:30 [main] [Log] - waitForElementVisibleWithBy: Element By.xpath: //input[contains(@placeholder,'Last Name')] : visible
[INFO ] 10-02-2023 09:58:30 [main] [Log] - waitForElementVisibleWithBy: Element By.xpath: //label[contains(text(),'Employee Id')]/following::input[1] : visible
[INFO ] 10-02-2023 09:58:32 [main] [Log] - check data input  - Actual: 028112345 ; Expected: 12345 -> VERIFY : false
[INFO ] 10-02-2023 09:58:32 [main] [Log] - 
TestListener: COMPLETED TC: TC3 - FAIL 
---------------------------------------------------------------
[INFO ] 10-02-2023 09:58:32 [main] [Log] - captureScreenshot: Screenshot taken current URL: https://opensource-demo.orangehrmlive.com/web/index.php/pim/addEmployee
[ERROR] 10-02-2023 09:58:32 [main] [Log] - FAILED !! Screenshot for test case: TC3
[ERROR] 10-02-2023 09:58:33 [main] [Log] - java.lang.AssertionError: expected [12345] but found [028112345]
[INFO ] 10-02-2023 09:58:33 [main] [Log] - 
TestListener: FINISH TESTING FOR TEST SUITE: Default Suite 
---------------------------------------------------------------
[INFO ] 10-02-2023 09:59:00 [main] [Log] - Loaded all properties files.
[INFO ] 10-02-2023 09:59:00 [main] [Log] - TestBase: Properties For Testing:
{databaseName=KETOAN_AUTO_HOADON, language=vi, exportVideoPath=ExportData/Videos, open_reports_after_execution=no, screenshot_all_steps=no, WAIT_DEFAULT=10, testing_version=1.0, CHROME_DRIVER=, author=MISA, reportTitle=AMIS ACCOUNTING | Automation Report, video_record=no, zip_folder=no, exportCapturePath=ExportData/Images, WAIT_PAGE_LOADED=30, projectName=AMIS ACCOUNTING, WAIT_EXPLICIT=10, extentReportFolder=ExtentReports, draw_border_err_element=yes, WAIT_IMPLICIT=3, extentReportName=ExtentReports, tfslink=http://tfs2017-01:8080/tfs/defaultcollection/SMECLOUD/_workitems?id=, loginExcelDataPath=src/test/resources/datatest/amisaccounting/LoginData.xlsx, screenshot_failed_steps=yes, browser=chrome, remote_url=localhost, remote_port=4444, screenshot_passed_steps=no, override_reports=yes, target=local, headless=false, ACTIVE_PAGE_LOADED=true, WAIT_SLEEP_STEP=1, screenshot_skipped_steps=yes, send_email_to_users=no}
[INFO ] 10-02-2023 09:59:00 [main] [Log] - 
---------------------------------------------------------------
TestListener: TESTING FOR TEST SUITE: Default Suite
---------------------------------------------------------------
[INFO ] 10-02-2023 09:59:01 [main] [WebDriverManager] - Using chromedriver 109.0.5414.74 (resolved driver for Chrome 109)
[INFO ] 10-02-2023 09:59:01 [main] [WebDriverManager] - Exporting webdriver.chrome.driver as C:\Users\ADMIN\.cache\selenium\chromedriver\win32\109.0.5414.74\chromedriver.exe
[INFO ] 10-02-2023 09:59:41 [main] [Log] - Actual URL: https://opensource-demo.orangehrmlive.com/web/index.php/auth/login
[INFO ] 10-02-2023 09:59:41 [main] [Log] - waitForElementVisibleWithBy: Element By.xpath: //input[contains(@placeholder,'Username')] : visible
[INFO ] 10-02-2023 09:59:41 [main] [Log] - waitForElementVisibleWithBy: Element By.xpath: //input[contains(@placeholder,'Password')] : visible
[INFO ] 10-02-2023 09:59:41 [main] [Log] - waitForElementClickableBy: Element By.xpath: //button[normalize-space()='Login'] : clickable
[INFO ] 10-02-2023 09:59:44 [main] [Log] - 
---------------------------------------------------------------
TestListener: START TC:  TC4
[INFO ] 10-02-2023 09:59:44 [main] [Log] - waitForElementClickableBy: Element By.xpath: //span[text()='PIM'] : clickable
[INFO ] 10-02-2023 09:59:48 [main] [Log] - Actual URL: https://opensource-demo.orangehrmlive.com/web/index.php/pim/viewEmployeeList
[INFO ] 10-02-2023 09:59:48 [main] [Log] - waitForElementClickableBy: Element By.xpath: //a[text()='Employee List'] : clickable
[INFO ] 10-02-2023 09:59:50 [main] [Log] - waitForElementVisibleWithBy: Element By.xpath: //label[contains(text(),'Employee Id')]/following::input[1] : visible
[INFO ] 10-02-2023 09:59:50 [main] [Log] - waitForElementClickableBy: Element By.xpath: //button[normalize-space()='Search'] : clickable
[ERROR] 10-02-2023 10:00:00 [main] [Log] - waitForElementVisibleWithBy: Element By.xpath: //div[text()='Id']//following::div[text()='12345'] : invisible 
[INFO ] 10-02-2023 10:00:00 [main] [Log] - 
TestListener: COMPLETED TC: TC4 - FAIL 
---------------------------------------------------------------
[INFO ] 10-02-2023 10:00:01 [main] [Log] - captureScreenshot: Screenshot taken current URL: https://opensource-demo.orangehrmlive.com/web/index.php/pim/viewEmployeeList
[ERROR] 10-02-2023 10:00:01 [main] [Log] - FAILED !! Screenshot for test case: TC4
[ERROR] 10-02-2023 10:00:01 [main] [Log] - org.openqa.selenium.NoSuchElementException: no such element: Unable to locate element: {"method":"xpath","selector":"//div[text()='Id']//following::div[text()='12345']"}
  (Session info: chrome=109.0.5414.120)
For documentation on this error, please visit: https://selenium.dev/exceptions/#no_such_element
Build info: version: '4.3.0', revision: 'a4995e2c09*'
System info: host: 'DESKTOP-OOFBHA8', ip: '192.168.0.100', os.name: 'Windows 10', os.arch: 'amd64', os.version: '10.0', java.version: '11.0.12'
Driver info: org.openqa.selenium.chrome.ChromeDriver
Command: [f404fb9ca6738d5b065f932ba7042062, findElement {using=xpath, value=//div[text()='Id']//following::div[text()='12345']}]
Capabilities {acceptInsecureCerts: true, browserName: chrome, browserVersion: 109.0.5414.120, chrome: {chromedriverVersion: 109.0.5414.74 (e7c5703604da..., userDataDir: C:\Users\ADMIN\AppData\Loca...}, goog:chromeOptions: {debuggerAddress: localhost:58935}, networkConnectionEnabled: false, pageLoadStrategy: normal, platformName: WINDOWS, proxy: Proxy(), se:cdp: ws://localhost:58935/devtoo..., se:cdpVersion: 109.0.5414.120, setWindowRect: true, strictFileInteractability: false, timeouts: {implicit: 0, pageLoad: 300000, script: 30000}, unhandledPromptBehavior: dismiss and notify, webauthn:extension:credBlob: true, webauthn:extension:largeBlob: true, webauthn:virtualAuthenticators: true}
Session ID: f404fb9ca6738d5b065f932ba7042062
[INFO ] 10-02-2023 10:00:02 [main] [Log] - 
TestListener: FINISH TESTING FOR TEST SUITE: Default Suite 
---------------------------------------------------------------
[INFO ] 10-02-2023 10:00:57 [main] [Log] - Loaded all properties files.
[INFO ] 10-02-2023 10:00:57 [main] [Log] - TestBase: Properties For Testing:
{databaseName=KETOAN_AUTO_HOADON, language=vi, exportVideoPath=ExportData/Videos, open_reports_after_execution=no, screenshot_all_steps=no, WAIT_DEFAULT=10, testing_version=1.0, CHROME_DRIVER=, author=MISA, reportTitle=AMIS ACCOUNTING | Automation Report, video_record=no, zip_folder=no, exportCapturePath=ExportData/Images, WAIT_PAGE_LOADED=30, projectName=AMIS ACCOUNTING, WAIT_EXPLICIT=10, extentReportFolder=ExtentReports, draw_border_err_element=yes, WAIT_IMPLICIT=3, extentReportName=ExtentReports, tfslink=http://tfs2017-01:8080/tfs/defaultcollection/SMECLOUD/_workitems?id=, loginExcelDataPath=src/test/resources/datatest/amisaccounting/LoginData.xlsx, screenshot_failed_steps=yes, browser=chrome, remote_url=localhost, remote_port=4444, screenshot_passed_steps=no, override_reports=yes, target=local, headless=false, ACTIVE_PAGE_LOADED=true, WAIT_SLEEP_STEP=1, screenshot_skipped_steps=yes, send_email_to_users=no}
[INFO ] 10-02-2023 10:00:57 [main] [Log] - 
---------------------------------------------------------------
TestListener: TESTING FOR TEST SUITE: Default Suite
---------------------------------------------------------------
[INFO ] 10-02-2023 10:00:58 [main] [WebDriverManager] - Using chromedriver 109.0.5414.74 (resolved driver for Chrome 109)
[INFO ] 10-02-2023 10:00:58 [main] [WebDriverManager] - Exporting webdriver.chrome.driver as C:\Users\ADMIN\.cache\selenium\chromedriver\win32\109.0.5414.74\chromedriver.exe
[INFO ] 10-02-2023 10:01:09 [main] [Log] - Actual URL: https://opensource-demo.orangehrmlive.com/web/index.php/auth/login
[INFO ] 10-02-2023 10:01:09 [main] [Log] - waitForElementVisibleWithBy: Element By.xpath: //input[contains(@placeholder,'Username')] : visible
[INFO ] 10-02-2023 10:01:10 [main] [Log] - waitForElementVisibleWithBy: Element By.xpath: //input[contains(@placeholder,'Password')] : visible
[INFO ] 10-02-2023 10:01:10 [main] [Log] - waitForElementClickableBy: Element By.xpath: //button[normalize-space()='Login'] : clickable
[INFO ] 10-02-2023 10:01:12 [main] [Log] - 
---------------------------------------------------------------
TestListener: START TC:  TC3
[INFO ] 10-02-2023 10:01:13 [main] [Log] - waitForElementClickableBy: Element By.xpath: //span[text()='PIM'] : clickable
[INFO ] 10-02-2023 10:01:19 [main] [Log] - Actual URL: https://opensource-demo.orangehrmlive.com/web/index.php/pim/viewEmployeeList
[INFO ] 10-02-2023 10:01:19 [main] [Log] - waitForElementClickableBy: Element By.xpath: //a[text()='Add Employee'] : clickable
[INFO ] 10-02-2023 10:01:20 [main] [Log] - waitForElementVisibleWithBy: Element By.xpath: //input[contains(@placeholder,'First Name')] : visible
[INFO ] 10-02-2023 10:01:20 [main] [Log] - waitForElementVisibleWithBy: Element By.xpath: //input[contains(@placeholder,'Middle Name')] : visible
[INFO ] 10-02-2023 10:01:21 [main] [Log] - waitForElementVisibleWithBy: Element By.xpath: //input[contains(@placeholder,'Last Name')] : visible
[INFO ] 10-02-2023 10:01:21 [main] [Log] - waitForElementVisibleWithBy: Element By.xpath: //label[contains(text(),'Employee Id')]/following::input[1] : visible
[INFO ] 10-02-2023 10:01:23 [main] [Log] - waitForElementClickableBy: Element By.xpath: //button[normalize-space()='Save'] : clickable
[INFO ] 10-02-2023 10:01:29 [main] [Log] - waitForElementVisibleWithBy: Element By.xpath: //label[contains(text(),'Nickname')]/following::input[1] : visible
[INFO ] 10-02-2023 10:01:29 [main] [Log] - waitForElementVisibleWithBy: Element By.xpath: //label[contains(text(),'Other Id')]/following::input[1] : visible
[INFO ] 10-02-2023 10:01:29 [main] [Log] - waitForElementVisibleWithBy: Element By.xpath: //label[contains(text(),'License Number')]/following::input[1] : visible
[INFO ] 10-02-2023 10:01:29 [main] [Log] - waitForElementClickableBy: Element By.xpath: //label[contains(text(),'License')]/following::div[contains(@class,'date-input')][1] : clickable
[INFO ] 10-02-2023 10:01:31 [main] [Log] - 
TestListener: COMPLETED TC: TC3 - FAIL 
---------------------------------------------------------------
[INFO ] 10-02-2023 10:01:31 [main] [Log] - captureScreenshot: Screenshot taken current URL: https://opensource-demo.orangehrmlive.com/web/index.php/pim/viewPersonalDetails/empNumber/73
[ERROR] 10-02-2023 10:01:31 [main] [Log] - FAILED !! Screenshot for test case: TC3
[ERROR] 10-02-2023 10:01:31 [main] [Log] - org.openqa.selenium.ElementClickInterceptedException: element click intercepted: Element <div class="oxd-date-input" data-v-70a38c42="">...</div> is not clickable at point (1004, 537). Other element would receive the click: <div class="oxd-form-loader" data-v-2027e1a1="">...</div>
  (Session info: chrome=109.0.5414.120)
Build info: version: '4.3.0', revision: 'a4995e2c09*'
System info: host: 'DESKTOP-OOFBHA8', ip: '192.168.0.100', os.name: 'Windows 10', os.arch: 'amd64', os.version: '10.0', java.version: '11.0.12'
Driver info: org.openqa.selenium.chrome.ChromeDriver
Command: [ff323d7e365e9cdc1673646f1df91e28, clickElement {id=94292612-6a35-4579-9232-06be3fa60425}]
Capabilities {acceptInsecureCerts: true, browserName: chrome, browserVersion: 109.0.5414.120, chrome: {chromedriverVersion: 109.0.5414.74 (e7c5703604da..., userDataDir: C:\Users\ADMIN\AppData\Loca...}, goog:chromeOptions: {debuggerAddress: localhost:59011}, networkConnectionEnabled: false, pageLoadStrategy: normal, platformName: WINDOWS, proxy: Proxy(), se:cdp: ws://localhost:59011/devtoo..., se:cdpVersion: 109.0.5414.120, setWindowRect: true, strictFileInteractability: false, timeouts: {implicit: 0, pageLoad: 300000, script: 30000}, unhandledPromptBehavior: dismiss and notify, webauthn:extension:credBlob: true, webauthn:extension:largeBlob: true, webauthn:virtualAuthenticators: true}
Element: [[ChromeDriver: chrome on WINDOWS (ff323d7e365e9cdc1673646f1df91e28)] -> xpath: //label[contains(text(),'License')]/following::div[contains(@class,'date-input')][1]]
Session ID: ff323d7e365e9cdc1673646f1df91e28
[INFO ] 10-02-2023 10:01:32 [main] [Log] - 
TestListener: FINISH TESTING FOR TEST SUITE: Default Suite 
---------------------------------------------------------------
[INFO ] 10-02-2023 10:03:23 [main] [Log] - Loaded all properties files.
[INFO ] 10-02-2023 10:03:23 [main] [Log] - TestBase: Properties For Testing:
{databaseName=KETOAN_AUTO_HOADON, language=vi, exportVideoPath=ExportData/Videos, open_reports_after_execution=no, screenshot_all_steps=no, WAIT_DEFAULT=10, testing_version=1.0, CHROME_DRIVER=, author=MISA, reportTitle=AMIS ACCOUNTING | Automation Report, video_record=no, zip_folder=no, exportCapturePath=ExportData/Images, WAIT_PAGE_LOADED=30, projectName=AMIS ACCOUNTING, WAIT_EXPLICIT=10, extentReportFolder=ExtentReports, draw_border_err_element=yes, WAIT_IMPLICIT=3, extentReportName=ExtentReports, tfslink=http://tfs2017-01:8080/tfs/defaultcollection/SMECLOUD/_workitems?id=, loginExcelDataPath=src/test/resources/datatest/amisaccounting/LoginData.xlsx, screenshot_failed_steps=yes, browser=chrome, remote_url=localhost, remote_port=4444, screenshot_passed_steps=no, override_reports=yes, target=local, headless=false, ACTIVE_PAGE_LOADED=true, WAIT_SLEEP_STEP=1, screenshot_skipped_steps=yes, send_email_to_users=no}
[INFO ] 10-02-2023 10:03:23 [main] [Log] - 
---------------------------------------------------------------
TestListener: TESTING FOR TEST SUITE: Default Suite
---------------------------------------------------------------
[INFO ] 10-02-2023 10:03:24 [main] [WebDriverManager] - Using chromedriver 109.0.5414.74 (resolved driver for Chrome 109)
[INFO ] 10-02-2023 10:03:24 [main] [WebDriverManager] - Exporting webdriver.chrome.driver as C:\Users\ADMIN\.cache\selenium\chromedriver\win32\109.0.5414.74\chromedriver.exe
[INFO ] 10-02-2023 10:03:42 [main] [Log] - Actual URL: https://opensource-demo.orangehrmlive.com/web/index.php/auth/login
[INFO ] 10-02-2023 10:03:42 [main] [Log] - waitForElementVisibleWithBy: Element By.xpath: //input[contains(@placeholder,'Username')] : visible
[INFO ] 10-02-2023 10:03:42 [main] [Log] - waitForElementVisibleWithBy: Element By.xpath: //input[contains(@placeholder,'Password')] : visible
[INFO ] 10-02-2023 10:03:43 [main] [Log] - waitForElementClickableBy: Element By.xpath: //button[normalize-space()='Login'] : clickable
[INFO ] 10-02-2023 10:03:45 [main] [Log] - 
---------------------------------------------------------------
TestListener: START TC:  TC3
[INFO ] 10-02-2023 10:03:45 [main] [Log] - waitForElementClickableBy: Element By.xpath: //span[text()='PIM'] : clickable
[INFO ] 10-02-2023 10:03:50 [main] [Log] - Actual URL: https://opensource-demo.orangehrmlive.com/web/index.php/pim/viewEmployeeList
[INFO ] 10-02-2023 10:03:50 [main] [Log] - waitForElementClickableBy: Element By.xpath: //a[text()='Add Employee'] : clickable
[INFO ] 10-02-2023 10:03:52 [main] [Log] - waitForElementVisibleWithBy: Element By.xpath: //input[contains(@placeholder,'First Name')] : visible
[INFO ] 10-02-2023 10:03:53 [main] [Log] - waitForElementVisibleWithBy: Element By.xpath: //input[contains(@placeholder,'Middle Name')] : visible
[INFO ] 10-02-2023 10:03:53 [main] [Log] - waitForElementVisibleWithBy: Element By.xpath: //input[contains(@placeholder,'Last Name')] : visible
[INFO ] 10-02-2023 10:03:53 [main] [Log] - waitForElementVisibleWithBy: Element By.xpath: //label[contains(text(),'Employee Id')]/following::input[1] : visible
[INFO ] 10-02-2023 10:03:55 [main] [Log] - waitForElementClickableBy: Element By.xpath: //button[normalize-space()='Save'] : clickable
[INFO ] 10-02-2023 10:04:02 [main] [Log] - waitForElementVisibleWithBy: Element By.xpath: //label[contains(text(),'Nickname')]/following::input[1] : visible
[INFO ] 10-02-2023 10:04:02 [main] [Log] - waitForElementVisibleWithBy: Element By.xpath: //label[contains(text(),'Other Id')]/following::input[1] : visible
[INFO ] 10-02-2023 10:04:03 [main] [Log] - waitForElementVisibleWithBy: Element By.xpath: //label[contains(text(),'License Number')]/following::input[1] : visible
[INFO ] 10-02-2023 10:04:03 [main] [Log] - waitForElementClickableBy: Element By.xpath: //label[contains(text(),'License Expiry')]/following::div[contains(@class,'date-input')][1] : clickable
[INFO ] 10-02-2023 10:04:04 [main] [Log] - waitForElementClickableBy: Element By.xpath: //li[contains(@class,'month')] : clickable
[INFO ] 10-02-2023 10:04:05 [main] [Log] - waitForElementClickableBy: Element By.xpath: //li[contains(text(),'May')] : clickable
[INFO ] 10-02-2023 10:04:05 [main] [Log] - waitForElementClickableBy: Element By.xpath: //li[contains(@class,'year')] : clickable
[INFO ] 10-02-2023 10:04:05 [main] [Log] - waitForElementClickableBy: Element By.xpath: //li[contains(text(),'2019')] : clickable
[INFO ] 10-02-2023 10:04:05 [main] [Log] - waitForElementClickableBy: Element By.xpath: //div[text()='20'] : clickable
[INFO ] 10-02-2023 10:04:05 [main] [Log] - waitForElementClickableBy: Element By.xpath: //div[text()='20'] : clickable
[INFO ] 10-02-2023 10:04:06 [main] [Log] - waitForElementVisibleWithBy: Element By.xpath: //label[contains(text(),'SSN Number')]/following::input[1] : visible
[INFO ] 10-02-2023 10:04:06 [main] [Log] - waitForElementVisibleWithBy: Element By.xpath: //label[contains(text(),'SIN Number')]/following::input[1] : visible
[INFO ] 10-02-2023 10:04:06 [main] [Log] - waitForElementClickableBy: Element By.xpath: //label[contains(text(),'Nationality')]/following::div[@class='oxd-select-wrapper'][1] : clickable
[INFO ] 10-02-2023 10:04:06 [main] [Log] - waitForElementClickableBy: Element By.xpath: //span[text()='American'] : clickable
[INFO ] 10-02-2023 10:04:06 [main] [Log] - waitForElementClickableBy: Element By.xpath: //label[contains(text(),'Marital Status')]/following::div[@class='oxd-select-wrapper'][1] : clickable
[INFO ] 10-02-2023 10:04:06 [main] [Log] - waitForElementClickableBy: Element By.xpath: //span[text()='Single'] : clickable
[INFO ] 10-02-2023 10:04:07 [main] [Log] - waitForElementClickableBy: Element By.xpath: //label[contains(text(),'Birth')]/following::div[contains(@class,'date-input')][1] : clickable
[INFO ] 10-02-2023 10:04:07 [main] [Log] - waitForElementClickableBy: Element By.xpath: //li[contains(@class,'month')] : clickable
[INFO ] 10-02-2023 10:04:08 [main] [Log] - waitForElementClickableBy: Element By.xpath: //li[contains(text(),'February')] : clickable
[INFO ] 10-02-2023 10:04:08 [main] [Log] - waitForElementClickableBy: Element By.xpath: //li[contains(@class,'year')] : clickable
[INFO ] 10-02-2023 10:04:08 [main] [Log] - waitForElementClickableBy: Element By.xpath: //li[contains(text(),'2001')] : clickable
[INFO ] 10-02-2023 10:04:08 [main] [Log] - waitForElementClickableBy: Element By.xpath: //div[text()='20'] : clickable
[INFO ] 10-02-2023 10:04:08 [main] [Log] - waitForElementClickableBy: Element By.xpath: //div[text()='20'] : clickable
[INFO ] 10-02-2023 10:04:09 [main] [Log] - waitForElementClickableBy: Element By.xpath: //label[text()='Male'] : clickable
[INFO ] 10-02-2023 10:04:09 [main] [Log] - waitForElementClickableBy: Element By.xpath: //button[normalize-space()='Save'] : clickable
[INFO ] 10-02-2023 10:04:09 [main] [Log] - 
TestListener: COMPLETED TC: TC3 - PASS 
---------------------------------------------------------------
[INFO ] 10-02-2023 10:04:10 [main] [Log] - 
TestListener: FINISH TESTING FOR TEST SUITE: Default Suite 
---------------------------------------------------------------
[INFO ] 10-02-2023 10:06:06 [main] [Log] - Loaded all properties files.
[INFO ] 10-02-2023 10:06:06 [main] [Log] - TestBase: Properties For Testing:
{databaseName=KETOAN_AUTO_HOADON, language=vi, exportVideoPath=ExportData/Videos, open_reports_after_execution=no, screenshot_all_steps=no, WAIT_DEFAULT=10, testing_version=1.0, CHROME_DRIVER=, author=MISA, reportTitle=AMIS ACCOUNTING | Automation Report, video_record=no, zip_folder=no, exportCapturePath=ExportData/Images, WAIT_PAGE_LOADED=30, projectName=AMIS ACCOUNTING, WAIT_EXPLICIT=10, extentReportFolder=ExtentReports, draw_border_err_element=yes, WAIT_IMPLICIT=3, extentReportName=ExtentReports, tfslink=http://tfs2017-01:8080/tfs/defaultcollection/SMECLOUD/_workitems?id=, loginExcelDataPath=src/test/resources/datatest/amisaccounting/LoginData.xlsx, screenshot_failed_steps=yes, browser=chrome, remote_url=localhost, remote_port=4444, screenshot_passed_steps=no, override_reports=yes, target=local, headless=false, ACTIVE_PAGE_LOADED=true, WAIT_SLEEP_STEP=1, screenshot_skipped_steps=yes, send_email_to_users=no}
[INFO ] 10-02-2023 10:06:06 [main] [Log] - 
---------------------------------------------------------------
TestListener: TESTING FOR TEST SUITE: Default Suite
---------------------------------------------------------------
[INFO ] 10-02-2023 10:06:07 [main] [WebDriverManager] - Using chromedriver 109.0.5414.74 (resolved driver for Chrome 109)
[INFO ] 10-02-2023 10:06:07 [main] [WebDriverManager] - Exporting webdriver.chrome.driver as C:\Users\ADMIN\.cache\selenium\chromedriver\win32\109.0.5414.74\chromedriver.exe
[INFO ] 10-02-2023 10:06:34 [main] [Log] - Actual URL: https://opensource-demo.orangehrmlive.com/web/index.php/auth/login
[INFO ] 10-02-2023 10:06:34 [main] [Log] - waitForElementVisibleWithBy: Element By.xpath: //input[contains(@placeholder,'Username')] : visible
[INFO ] 10-02-2023 10:06:34 [main] [Log] - waitForElementVisibleWithBy: Element By.xpath: //input[contains(@placeholder,'Password')] : visible
[INFO ] 10-02-2023 10:06:34 [main] [Log] - waitForElementClickableBy: Element By.xpath: //button[normalize-space()='Login'] : clickable
[INFO ] 10-02-2023 10:06:37 [main] [Log] - 
---------------------------------------------------------------
TestListener: START TC:  TC3
[INFO ] 10-02-2023 10:06:37 [main] [Log] - waitForElementClickableBy: Element By.xpath: //span[text()='PIM'] : clickable
[INFO ] 10-02-2023 10:06:41 [main] [Log] - Actual URL: https://opensource-demo.orangehrmlive.com/web/index.php/pim/viewEmployeeList
[INFO ] 10-02-2023 10:06:41 [main] [Log] - waitForElementClickableBy: Element By.xpath: //a[text()='Add Employee'] : clickable
[INFO ] 10-02-2023 10:06:42 [main] [Log] - waitForElementVisibleWithBy: Element By.xpath: //input[contains(@placeholder,'First Name')] : visible
[INFO ] 10-02-2023 10:06:43 [main] [Log] - waitForElementVisibleWithBy: Element By.xpath: //input[contains(@placeholder,'Middle Name')] : visible
[INFO ] 10-02-2023 10:06:43 [main] [Log] - waitForElementVisibleWithBy: Element By.xpath: //input[contains(@placeholder,'Last Name')] : visible
[INFO ] 10-02-2023 10:06:43 [main] [Log] - waitForElementVisibleWithBy: Element By.xpath: //label[contains(text(),'Employee Id')]/following::input[1] : visible
[INFO ] 10-02-2023 10:06:46 [main] [Log] - waitForElementClickableBy: Element By.xpath: //button[normalize-space()='Save'] : clickable
[INFO ] 10-02-2023 10:06:50 [main] [Log] - waitForElementVisibleWithBy: Element By.xpath: //label[contains(text(),'Nickname')]/following::input[1] : visible
[INFO ] 10-02-2023 10:06:51 [main] [Log] - waitForElementVisibleWithBy: Element By.xpath: //label[contains(text(),'Other Id')]/following::input[1] : visible
[INFO ] 10-02-2023 10:07:01 [main] [Log] - 
TestListener: COMPLETED TC: TC3 - FAIL 
---------------------------------------------------------------
[INFO ] 10-02-2023 10:07:01 [main] [Log] - captureScreenshot: Screenshot taken current URL: https://opensource-demo.orangehrmlive.com/web/index.php/pim/viewPersonalDetails/empNumber/77
[ERROR] 10-02-2023 10:07:01 [main] [Log] - FAILED !! Screenshot for test case: TC3
[ERROR] 10-02-2023 10:07:02 [main] [Log] - org.openqa.selenium.InvalidSelectorException: invalid selector: Unable to locate an element with the xpath expression //label[contains(text(),'Driver's License')]/following::input[1] because of the following error:
SyntaxError: Failed to execute 'evaluate' on 'Document': The string '//label[contains(text(),'Driver's License')]/following::input[1]' is not a valid XPath expression.
  (Session info: chrome=109.0.5414.120)
For documentation on this error, please visit: https://selenium.dev/exceptions/#invalid_selector_exception
Build info: version: '4.3.0', revision: 'a4995e2c09*'
System info: host: 'DESKTOP-OOFBHA8', ip: '192.168.0.100', os.name: 'Windows 10', os.arch: 'amd64', os.version: '10.0', java.version: '11.0.12'
Driver info: org.openqa.selenium.chrome.ChromeDriver
Command: [cf8cbca2a0286de3cc22dbc7691c4351, findElements {using=xpath, value=//label[contains(text(),'Driver's License')]/following::input[1]}]
Capabilities {acceptInsecureCerts: true, browserName: chrome, browserVersion: 109.0.5414.120, chrome: {chromedriverVersion: 109.0.5414.74 (e7c5703604da..., userDataDir: C:\Users\ADMIN\AppData\Loca...}, goog:chromeOptions: {debuggerAddress: localhost:59230}, networkConnectionEnabled: false, pageLoadStrategy: normal, platformName: WINDOWS, proxy: Proxy(), se:cdp: ws://localhost:59230/devtoo..., se:cdpVersion: 109.0.5414.120, setWindowRect: true, strictFileInteractability: false, timeouts: {implicit: 0, pageLoad: 300000, script: 30000}, unhandledPromptBehavior: dismiss and notify, webauthn:extension:credBlob: true, webauthn:extension:largeBlob: true, webauthn:virtualAuthenticators: true}
Session ID: cf8cbca2a0286de3cc22dbc7691c4351
[INFO ] 10-02-2023 10:07:02 [main] [Log] - 
TestListener: FINISH TESTING FOR TEST SUITE: Default Suite 
---------------------------------------------------------------
[INFO ] 10-02-2023 10:08:48 [main] [Log] - Loaded all properties files.
[INFO ] 10-02-2023 10:08:48 [main] [Log] - TestBase: Properties For Testing:
{databaseName=KETOAN_AUTO_HOADON, language=vi, exportVideoPath=ExportData/Videos, open_reports_after_execution=no, screenshot_all_steps=no, WAIT_DEFAULT=10, testing_version=1.0, CHROME_DRIVER=, author=MISA, reportTitle=AMIS ACCOUNTING | Automation Report, video_record=no, zip_folder=no, exportCapturePath=ExportData/Images, WAIT_PAGE_LOADED=30, projectName=AMIS ACCOUNTING, WAIT_EXPLICIT=10, extentReportFolder=ExtentReports, draw_border_err_element=yes, WAIT_IMPLICIT=3, extentReportName=ExtentReports, tfslink=http://tfs2017-01:8080/tfs/defaultcollection/SMECLOUD/_workitems?id=, loginExcelDataPath=src/test/resources/datatest/amisaccounting/LoginData.xlsx, screenshot_failed_steps=yes, browser=chrome, remote_url=localhost, remote_port=4444, screenshot_passed_steps=no, override_reports=yes, target=local, headless=false, ACTIVE_PAGE_LOADED=true, WAIT_SLEEP_STEP=1, screenshot_skipped_steps=yes, send_email_to_users=no}
[INFO ] 10-02-2023 10:08:48 [main] [Log] - 
---------------------------------------------------------------
TestListener: TESTING FOR TEST SUITE: Default Suite
---------------------------------------------------------------
[INFO ] 10-02-2023 10:08:49 [main] [WebDriverManager] - Using chromedriver 109.0.5414.74 (resolved driver for Chrome 109)
[INFO ] 10-02-2023 10:08:49 [main] [WebDriverManager] - Exporting webdriver.chrome.driver as C:\Users\ADMIN\.cache\selenium\chromedriver\win32\109.0.5414.74\chromedriver.exe
[INFO ] 10-02-2023 10:09:59 [main] [Log] - Actual URL: https://opensource-demo.orangehrmlive.com/web/index.php/auth/login
[ERROR] 10-02-2023 10:10:09 [main] [Log] - waitForElementVisibleWithBy: Element By.xpath: //input[contains(@placeholder,'Username')] : invisible 
[ERROR] 10-02-2023 10:10:10 [main] [Log] - java.lang.NullPointerException
[INFO ] 10-02-2023 10:10:12 [main] [Log] - 
---------------------------------------------------------------
TestListener: START TC:  TC3
[INFO ] 10-02-2023 10:10:12 [main] [Log] - 
TestListener: COMPLETED TC: TC3 - SKIP 
---------------------------------------------------------------
[INFO ] 10-02-2023 10:10:12 [main] [Log] - captureScreenshot: Screenshot taken current URL: https://opensource-demo.orangehrmlive.com/web/index.php/auth/login
[INFO ] 10-02-2023 10:10:13 [main] [Log] - 
TestListener: FINISH TESTING FOR TEST SUITE: Default Suite 
---------------------------------------------------------------
[INFO ] 10-02-2023 10:22:37 [main] [Log] - Loaded all properties files.
[INFO ] 10-02-2023 10:22:37 [main] [Log] - TestBase: Properties For Testing:
{databaseName=KETOAN_AUTO_HOADON, language=vi, exportVideoPath=ExportData/Videos, open_reports_after_execution=no, screenshot_all_steps=no, WAIT_DEFAULT=10, testing_version=1.0, CHROME_DRIVER=, author=MISA, reportTitle=AMIS ACCOUNTING | Automation Report, video_record=no, zip_folder=no, exportCapturePath=ExportData/Images, WAIT_PAGE_LOADED=30, projectName=AMIS ACCOUNTING, WAIT_EXPLICIT=10, extentReportFolder=ExtentReports, draw_border_err_element=yes, WAIT_IMPLICIT=3, extentReportName=ExtentReports, tfslink=http://tfs2017-01:8080/tfs/defaultcollection/SMECLOUD/_workitems?id=, loginExcelDataPath=src/test/resources/datatest/amisaccounting/LoginData.xlsx, screenshot_failed_steps=yes, browser=chrome, remote_url=localhost, remote_port=4444, screenshot_passed_steps=no, override_reports=yes, target=local, headless=false, ACTIVE_PAGE_LOADED=true, WAIT_SLEEP_STEP=1, screenshot_skipped_steps=yes, send_email_to_users=no}
[INFO ] 10-02-2023 10:22:37 [main] [Log] - 
---------------------------------------------------------------
TestListener: TESTING FOR TEST SUITE: Default Suite
---------------------------------------------------------------
[INFO ] 10-02-2023 10:22:38 [main] [WebDriverManager] - Using chromedriver 109.0.5414.74 (resolved driver for Chrome 109)
[INFO ] 10-02-2023 10:22:38 [main] [WebDriverManager] - Exporting webdriver.chrome.driver as C:\Users\ADMIN\.cache\selenium\chromedriver\win32\109.0.5414.74\chromedriver.exe
[INFO ] 10-02-2023 10:22:50 [main] [Log] - Actual URL: https://opensource-demo.orangehrmlive.com/web/index.php/auth/login
[INFO ] 10-02-2023 10:22:50 [main] [Log] - waitForElementVisibleWithBy: Element By.xpath: //input[contains(@placeholder,'Username')] : visible
[INFO ] 10-02-2023 10:22:50 [main] [Log] - waitForElementVisibleWithBy: Element By.xpath: //input[contains(@placeholder,'Password')] : visible
[INFO ] 10-02-2023 10:22:51 [main] [Log] - waitForElementClickableBy: Element By.xpath: //button[normalize-space()='Login'] : clickable
[INFO ] 10-02-2023 10:22:53 [main] [Log] - 
---------------------------------------------------------------
TestListener: START TC:  TC3
[INFO ] 10-02-2023 10:22:53 [main] [Log] - waitForElementClickableBy: Element By.xpath: //span[text()='PIM'] : clickable
[INFO ] 10-02-2023 10:22:57 [main] [Log] - Actual URL: https://opensource-demo.orangehrmlive.com/web/index.php/pim/viewEmployeeList
[INFO ] 10-02-2023 10:22:58 [main] [Log] - waitForElementClickableBy: Element By.xpath: //a[text()='Add Employee'] : clickable
[INFO ] 10-02-2023 10:22:59 [main] [Log] - waitForElementVisibleWithBy: Element By.xpath: //input[contains(@placeholder,'First Name')] : visible
[INFO ] 10-02-2023 10:22:59 [main] [Log] - waitForElementVisibleWithBy: Element By.xpath: //input[contains(@placeholder,'Middle Name')] : visible
[INFO ] 10-02-2023 10:23:00 [main] [Log] - waitForElementVisibleWithBy: Element By.xpath: //input[contains(@placeholder,'Last Name')] : visible
[INFO ] 10-02-2023 10:23:00 [main] [Log] - waitForElementVisibleWithBy: Element By.xpath: //label[contains(text(),'Employee Id')]/following::input[1] : visible
[INFO ] 10-02-2023 10:23:02 [main] [Log] - waitForElementClickableBy: Element By.xpath: //button[normalize-space()='Save'] : clickable
[ERROR] 10-02-2023 10:23:15 [main] [Log] - waitForElementVisibleWithBy: Element By.xpath: //label[contains(text(),'Nickname')]/following::input[1] : invisible 
[INFO ] 10-02-2023 10:23:20 [main] [Log] - 
TestListener: COMPLETED TC: TC3 - FAIL 
---------------------------------------------------------------
[INFO ] 10-02-2023 10:23:20 [main] [Log] - captureScreenshot: Screenshot taken current URL: https://opensource-demo.orangehrmlive.com/web/index.php/pim/addEmployee
[ERROR] 10-02-2023 10:23:20 [main] [Log] - FAILED !! Screenshot for test case: TC3
[ERROR] 10-02-2023 10:23:20 [main] [Log] - java.lang.NullPointerException
[INFO ] 10-02-2023 10:23:21 [main] [Log] - 
TestListener: FINISH TESTING FOR TEST SUITE: Default Suite 
---------------------------------------------------------------
[INFO ] 10-02-2023 10:24:06 [main] [Log] - Loaded all properties files.
[INFO ] 10-02-2023 10:24:06 [main] [Log] - TestBase: Properties For Testing:
{databaseName=KETOAN_AUTO_HOADON, language=vi, exportVideoPath=ExportData/Videos, open_reports_after_execution=no, screenshot_all_steps=no, WAIT_DEFAULT=10, testing_version=1.0, CHROME_DRIVER=, author=MISA, reportTitle=AMIS ACCOUNTING | Automation Report, video_record=no, zip_folder=no, exportCapturePath=ExportData/Images, WAIT_PAGE_LOADED=30, projectName=AMIS ACCOUNTING, WAIT_EXPLICIT=10, extentReportFolder=ExtentReports, draw_border_err_element=yes, WAIT_IMPLICIT=3, extentReportName=ExtentReports, tfslink=http://tfs2017-01:8080/tfs/defaultcollection/SMECLOUD/_workitems?id=, loginExcelDataPath=src/test/resources/datatest/amisaccounting/LoginData.xlsx, screenshot_failed_steps=yes, browser=chrome, remote_url=localhost, remote_port=4444, screenshot_passed_steps=no, override_reports=yes, target=local, headless=false, ACTIVE_PAGE_LOADED=true, WAIT_SLEEP_STEP=1, screenshot_skipped_steps=yes, send_email_to_users=no}
[INFO ] 10-02-2023 10:24:06 [main] [Log] - 
---------------------------------------------------------------
TestListener: TESTING FOR TEST SUITE: Default Suite
---------------------------------------------------------------
[INFO ] 10-02-2023 10:24:07 [main] [WebDriverManager] - Using chromedriver 109.0.5414.74 (resolved driver for Chrome 109)
[INFO ] 10-02-2023 10:24:07 [main] [WebDriverManager] - Exporting webdriver.chrome.driver as C:\Users\ADMIN\.cache\selenium\chromedriver\win32\109.0.5414.74\chromedriver.exe
[INFO ] 10-02-2023 10:24:18 [main] [Log] - Actual URL: https://opensource-demo.orangehrmlive.com/web/index.php/auth/login
[INFO ] 10-02-2023 10:24:18 [main] [Log] - waitForElementVisibleWithBy: Element By.xpath: //input[contains(@placeholder,'Username')] : visible
[INFO ] 10-02-2023 10:24:18 [main] [Log] - waitForElementVisibleWithBy: Element By.xpath: //input[contains(@placeholder,'Password')] : visible
[INFO ] 10-02-2023 10:24:18 [main] [Log] - waitForElementClickableBy: Element By.xpath: //button[normalize-space()='Login'] : clickable
[INFO ] 10-02-2023 10:24:21 [main] [Log] - 
---------------------------------------------------------------
TestListener: START TC:  TC3
[INFO ] 10-02-2023 10:24:21 [main] [Log] - waitForElementClickableBy: Element By.xpath: //span[text()='PIM'] : clickable
[INFO ] 10-02-2023 10:24:25 [main] [Log] - Actual URL: https://opensource-demo.orangehrmlive.com/web/index.php/pim/viewEmployeeList
[INFO ] 10-02-2023 10:24:25 [main] [Log] - waitForElementClickableBy: Element By.xpath: //a[text()='Add Employee'] : clickable
[INFO ] 10-02-2023 10:24:26 [main] [Log] - waitForElementVisibleWithBy: Element By.xpath: //input[contains(@placeholder,'First Name')] : visible
[INFO ] 10-02-2023 10:24:27 [main] [Log] - waitForElementVisibleWithBy: Element By.xpath: //input[contains(@placeholder,'Middle Name')] : visible
[INFO ] 10-02-2023 10:24:27 [main] [Log] - waitForElementVisibleWithBy: Element By.xpath: //input[contains(@placeholder,'Last Name')] : visible
[INFO ] 10-02-2023 10:24:27 [main] [Log] - waitForElementVisibleWithBy: Element By.xpath: //label[contains(text(),'Employee Id')]/following::input[1] : visible
[INFO ] 10-02-2023 10:24:30 [main] [Log] - waitForElementClickableBy: Element By.xpath: //button[normalize-space()='Save'] : clickable
[INFO ] 10-02-2023 10:24:36 [main] [Log] - waitForElementVisibleWithBy: Element By.xpath: //label[contains(text(),'Nickname')]/following::input[1] : visible
[INFO ] 10-02-2023 10:24:37 [main] [Log] - waitForElementVisibleWithBy: Element By.xpath: //label[contains(text(),'Other Id')]/following::input[1] : visible
[INFO ] 10-02-2023 10:24:37 [main] [Log] - waitForElementVisibleWithBy: Element By.xpath: //label[contains(text(),'Driver')]/following::input[1] : visible
[INFO ] 10-02-2023 10:24:37 [main] [Log] - waitForElementClickableBy: Element By.xpath: //label[contains(text(),'License Expiry')]/following::div[contains(@class,'date-input')][1] : clickable
[INFO ] 10-02-2023 10:24:38 [main] [Log] - waitForElementClickableBy: Element By.xpath: //li[contains(@class,'month')] : clickable
[INFO ] 10-02-2023 10:24:38 [main] [Log] - waitForElementClickableBy: Element By.xpath: //li[contains(text(),'May')] : clickable
[INFO ] 10-02-2023 10:24:38 [main] [Log] - waitForElementClickableBy: Element By.xpath: //li[contains(@class,'year')] : clickable
[INFO ] 10-02-2023 10:24:39 [main] [Log] - waitForElementClickableBy: Element By.xpath: //li[contains(text(),'2019')] : clickable
[INFO ] 10-02-2023 10:24:39 [main] [Log] - waitForElementClickableBy: Element By.xpath: //div[text()='20'] : clickable
[INFO ] 10-02-2023 10:24:39 [main] [Log] - waitForElementClickableBy: Element By.xpath: //div[text()='20'] : clickable
[INFO ] 10-02-2023 10:24:39 [main] [Log] - waitForElementVisibleWithBy: Element By.xpath: //label[contains(text(),'SSN Number')]/following::input[1] : visible
[INFO ] 10-02-2023 10:24:40 [main] [Log] - waitForElementVisibleWithBy: Element By.xpath: //label[contains(text(),'SIN Number')]/following::input[1] : visible
[INFO ] 10-02-2023 10:24:40 [main] [Log] - waitForElementClickableBy: Element By.xpath: //label[contains(text(),'Nationality')]/following::div[@class='oxd-select-wrapper'][1] : clickable
[INFO ] 10-02-2023 10:24:40 [main] [Log] - waitForElementClickableBy: Element By.xpath: //span[text()='American'] : clickable
[INFO ] 10-02-2023 10:24:40 [main] [Log] - waitForElementClickableBy: Element By.xpath: //label[contains(text(),'Marital Status')]/following::div[@class='oxd-select-wrapper'][1] : clickable
[INFO ] 10-02-2023 10:24:40 [main] [Log] - waitForElementClickableBy: Element By.xpath: //span[text()='Single'] : clickable
[INFO ] 10-02-2023 10:24:40 [main] [Log] - waitForElementClickableBy: Element By.xpath: //label[contains(text(),'Birth')]/following::div[contains(@class,'date-input')][1] : clickable
[INFO ] 10-02-2023 10:24:41 [main] [Log] - waitForElementClickableBy: Element By.xpath: //li[contains(@class,'month')] : clickable
[INFO ] 10-02-2023 10:24:41 [main] [Log] - waitForElementClickableBy: Element By.xpath: //li[contains(text(),'February')] : clickable
[INFO ] 10-02-2023 10:24:41 [main] [Log] - waitForElementClickableBy: Element By.xpath: //li[contains(@class,'year')] : clickable
[INFO ] 10-02-2023 10:24:42 [main] [Log] - waitForElementClickableBy: Element By.xpath: //li[contains(text(),'2001')] : clickable
[INFO ] 10-02-2023 10:24:42 [main] [Log] - waitForElementClickableBy: Element By.xpath: //div[text()='20'] : clickable
[INFO ] 10-02-2023 10:24:42 [main] [Log] - waitForElementClickableBy: Element By.xpath: //div[text()='20'] : clickable
[INFO ] 10-02-2023 10:24:42 [main] [Log] - waitForElementClickableBy: Element By.xpath: //label[text()='Male'] : clickable
[INFO ] 10-02-2023 10:24:43 [main] [Log] - waitForElementClickableBy: Element By.xpath: //button[normalize-space()='Save'] : clickable
[INFO ] 10-02-2023 10:24:43 [main] [Log] - 
TestListener: COMPLETED TC: TC3 - PASS 
---------------------------------------------------------------
[INFO ] 10-02-2023 10:24:43 [main] [Log] - 
TestListener: FINISH TESTING FOR TEST SUITE: Default Suite 
---------------------------------------------------------------
[INFO ] 10-02-2023 10:27:47 [main] [Log] - Loaded all properties files.
[INFO ] 10-02-2023 10:27:47 [main] [Log] - TestBase: Properties For Testing:
{databaseName=KETOAN_AUTO_HOADON, language=vi, exportVideoPath=ExportData/Videos, open_reports_after_execution=no, screenshot_all_steps=no, WAIT_DEFAULT=10, testing_version=1.0, CHROME_DRIVER=, author=MISA, reportTitle=AMIS ACCOUNTING | Automation Report, video_record=no, zip_folder=no, exportCapturePath=ExportData/Images, WAIT_PAGE_LOADED=30, projectName=AMIS ACCOUNTING, WAIT_EXPLICIT=10, extentReportFolder=ExtentReports, draw_border_err_element=yes, WAIT_IMPLICIT=3, extentReportName=ExtentReports, tfslink=http://tfs2017-01:8080/tfs/defaultcollection/SMECLOUD/_workitems?id=, loginExcelDataPath=src/test/resources/datatest/amisaccounting/LoginData.xlsx, screenshot_failed_steps=yes, browser=chrome, remote_url=localhost, remote_port=4444, screenshot_passed_steps=no, override_reports=yes, target=local, headless=false, ACTIVE_PAGE_LOADED=true, WAIT_SLEEP_STEP=1, screenshot_skipped_steps=yes, send_email_to_users=no}
[INFO ] 10-02-2023 10:27:47 [main] [Log] - 
---------------------------------------------------------------
TestListener: TESTING FOR TEST SUITE: Default Suite
---------------------------------------------------------------
[INFO ] 10-02-2023 10:27:48 [main] [WebDriverManager] - Using chromedriver 109.0.5414.74 (resolved driver for Chrome 109)
[INFO ] 10-02-2023 10:27:48 [main] [WebDriverManager] - Exporting webdriver.chrome.driver as C:\Users\ADMIN\.cache\selenium\chromedriver\win32\109.0.5414.74\chromedriver.exe
[INFO ] 10-02-2023 10:28:27 [main] [Log] - Actual URL: https://opensource-demo.orangehrmlive.com/web/index.php/auth/login
[INFO ] 10-02-2023 10:28:27 [main] [Log] - waitForElementVisibleWithBy: Element By.xpath: //input[contains(@placeholder,'Username')] : visible
[INFO ] 10-02-2023 10:28:28 [main] [Log] - waitForElementVisibleWithBy: Element By.xpath: //input[contains(@placeholder,'Password')] : visible
[INFO ] 10-02-2023 10:28:28 [main] [Log] - waitForElementClickableBy: Element By.xpath: //button[normalize-space()='Login'] : clickable
[INFO ] 10-02-2023 10:28:30 [main] [Log] - 
---------------------------------------------------------------
TestListener: START TC:  TC4
[INFO ] 10-02-2023 10:28:30 [main] [Log] - waitForElementClickableBy: Element By.xpath: //span[text()='PIM'] : clickable
[INFO ] 10-02-2023 10:28:34 [main] [Log] - Actual URL: https://opensource-demo.orangehrmlive.com/web/index.php/pim/viewEmployeeList
[INFO ] 10-02-2023 10:28:35 [main] [Log] - waitForElementClickableBy: Element By.xpath: //a[text()='Employee List'] : clickable
[INFO ] 10-02-2023 10:28:36 [main] [Log] - waitForElementVisibleWithBy: Element By.xpath: //label[contains(text(),'Employee Id')]/following::input[1] : visible
[INFO ] 10-02-2023 10:28:36 [main] [Log] - waitForElementClickableBy: Element By.xpath: //button[normalize-space()='Search'] : clickable
[INFO ] 10-02-2023 10:28:36 [main] [Log] - waitForElementVisibleWithBy: Element By.xpath: //div[text()='Id']//following::div[text()='12345'] : visible
[INFO ] 10-02-2023 10:28:37 [main] [Log] - waitForElementClickableBy: Element By.xpath: (//div[text()='12345']/following::div/button)[1] : clickable
[INFO ] 10-02-2023 10:28:37 [main] [Log] - waitForElementClickableBy: Element By.xpath: (//div[text()='12345']/following::div/button)[1] : clickable
[INFO ] 10-02-2023 10:28:37 [main] [Log] - waitForElementClickableBy: Element By.xpath: //button[text()=' Yes, Delete '] : clickable
[INFO ] 10-02-2023 10:28:37 [main] [Log] - 
TestListener: COMPLETED TC: TC4 - PASS 
---------------------------------------------------------------
[INFO ] 10-02-2023 10:28:38 [main] [Log] - 
TestListener: FINISH TESTING FOR TEST SUITE: Default Suite 
---------------------------------------------------------------
[INFO ] 10-02-2023 10:39:04 [main] [Log] - Loaded all properties files.
[INFO ] 10-02-2023 10:39:04 [main] [Log] - TestBase: Properties For Testing:
{databaseName=KETOAN_AUTO_HOADON, language=vi, exportVideoPath=ExportData/Videos, open_reports_after_execution=no, screenshot_all_steps=no, WAIT_DEFAULT=10, testing_version=1.0, CHROME_DRIVER=, author=MISA, reportTitle=AMIS ACCOUNTING | Automation Report, video_record=no, zip_folder=no, exportCapturePath=ExportData/Images, WAIT_PAGE_LOADED=30, projectName=AMIS ACCOUNTING, WAIT_EXPLICIT=10, extentReportFolder=ExtentReports, draw_border_err_element=yes, WAIT_IMPLICIT=3, extentReportName=ExtentReports, tfslink=http://tfs2017-01:8080/tfs/defaultcollection/SMECLOUD/_workitems?id=, loginExcelDataPath=src/test/resources/datatest/amisaccounting/LoginData.xlsx, screenshot_failed_steps=yes, browser=chrome, remote_url=localhost, remote_port=4444, screenshot_passed_steps=no, override_reports=yes, target=local, headless=false, ACTIVE_PAGE_LOADED=true, WAIT_SLEEP_STEP=1, screenshot_skipped_steps=yes, send_email_to_users=no}
[INFO ] 10-02-2023 10:39:04 [main] [Log] - 
---------------------------------------------------------------
TestListener: TESTING FOR TEST SUITE: Default Suite
---------------------------------------------------------------
[INFO ] 10-02-2023 10:39:05 [main] [WebDriverManager] - Using chromedriver 109.0.5414.74 (resolved driver for Chrome 109)
[INFO ] 10-02-2023 10:39:05 [main] [WebDriverManager] - Exporting webdriver.chrome.driver as C:\Users\ADMIN\.cache\selenium\chromedriver\win32\109.0.5414.74\chromedriver.exe
[INFO ] 10-02-2023 10:40:41 [main] [Log] - Actual URL: https://opensource-demo.orangehrmlive.com/web/index.php/auth/login
[INFO ] 10-02-2023 10:40:45 [main] [Log] - waitForElementVisibleWithBy: Element By.xpath: //input[contains(@placeholder,'Username')] : visible
[INFO ] 10-02-2023 10:40:46 [main] [Log] - waitForElementVisibleWithBy: Element By.xpath: //input[contains(@placeholder,'Password')] : visible
[INFO ] 10-02-2023 10:40:46 [main] [Log] - waitForElementClickableBy: Element By.xpath: //button[normalize-space()='Login'] : clickable
[INFO ] 10-02-2023 10:40:47 [main] [Log] - 
---------------------------------------------------------------
TestListener: START TC:  TC1
[INFO ] 10-02-2023 10:40:48 [main] [Log] - waitForElementClickableBy: Element By.xpath: //span[text()='PIM'] : clickable
[INFO ] 10-02-2023 10:40:52 [main] [Log] - Actual URL: https://opensource-demo.orangehrmlive.com/web/index.php/pim/viewEmployeeList
[INFO ] 10-02-2023 10:40:52 [main] [Log] - 
TestListener: COMPLETED TC: TC1 - PASS 
---------------------------------------------------------------
[INFO ] 10-02-2023 10:40:54 [main] [Log] - 
---------------------------------------------------------------
TestListener: START TC:  TC2
[INFO ] 10-02-2023 10:40:54 [main] [Log] - waitForElementClickableBy: Element By.xpath: //span[text()='PIM'] : clickable
[INFO ] 10-02-2023 10:40:58 [main] [Log] - Actual URL: https://opensource-demo.orangehrmlive.com/web/index.php/pim/viewEmployeeList
[INFO ] 10-02-2023 10:40:58 [main] [Log] - waitForElementClickableBy: Element By.xpath: //span[text()='Configuration '] : clickable
[INFO ] 10-02-2023 10:40:59 [main] [Log] - waitForElementClickableBy: Element By.xpath: //ul[@role='menu']//a[text()='Custom Fields'] : clickable
[INFO ] 10-02-2023 10:41:01 [main] [Log] - waitForElementClickableBy: Element By.xpath: //button[normalize-space()='Add'] : clickable
[INFO ] 10-02-2023 10:41:03 [main] [Log] - waitForElementVisibleWithBy: Element By.xpath: //label[contains(text(),'Field Name')]/following::input[1] : visible
[INFO ] 10-02-2023 10:41:03 [main] [Log] - waitForElementClickableBy: Element By.xpath: //label[contains(text(),'Screen')]/following::div[@class='oxd-select-wrapper'][1] : clickable
[INFO ] 10-02-2023 10:41:04 [main] [Log] - waitForElementClickableBy: Element By.xpath: //span[text()='Personal Details'] : clickable
[INFO ] 10-02-2023 10:41:04 [main] [Log] - waitForElementClickableBy: Element By.xpath: //label[contains(text(),'Type')]/following::div[@class='oxd-select-wrapper'][1] : clickable
[INFO ] 10-02-2023 10:41:04 [main] [Log] - waitForElementClickableBy: Element By.xpath: //span[text()='Drop Down'] : clickable
[INFO ] 10-02-2023 10:41:04 [main] [Log] - waitForElementVisibleWithBy: Element By.xpath: //label[contains(text(),'Select Options')]/following::input[1] : visible
[INFO ] 10-02-2023 10:41:04 [main] [Log] - waitForElementClickableBy: Element By.xpath: //button[normalize-space()='Save'] : clickable
[INFO ] 10-02-2023 10:41:10 [main] [Log] - waitForElementVisibleWithBy: Element By.xpath: //div[text()='Khanh Nguyen'] : visible
[INFO ] 10-02-2023 10:41:10 [main] [Log] - waitForElementVisibleWithBy: Element By.xpath: //div[text()='Personal Details'] : visible
[INFO ] 10-02-2023 10:41:10 [main] [Log] - waitForElementVisibleWithBy: Element By.xpath: //div[text()='Drop Down'] : visible
[INFO ] 10-02-2023 10:41:10 [main] [Log] - waitForElementClickableBy: Element By.xpath: (//div[text()='Khanh Nguyen']/following::div/button)[1] : clickable
[INFO ] 10-02-2023 10:41:10 [main] [Log] - waitForElementClickableBy: Element By.xpath: (//div[text()='Khanh Nguyen']/following::div/button)[1] : clickable
[INFO ] 10-02-2023 10:41:10 [main] [Log] - waitForElementClickableBy: Element By.xpath: //button[text()=' Yes, Delete '] : clickable
[INFO ] 10-02-2023 10:41:10 [main] [Log] - 
TestListener: COMPLETED TC: TC2 - PASS 
---------------------------------------------------------------
[INFO ] 10-02-2023 10:41:10 [main] [Log] - 
---------------------------------------------------------------
TestListener: START TC:  TC2
[INFO ] 10-02-2023 10:41:10 [main] [Log] - waitForElementClickableBy: Element By.xpath: //span[text()='PIM'] : clickable
[INFO ] 10-02-2023 10:41:16 [main] [Log] - Actual URL: https://opensource-demo.orangehrmlive.com/web/index.php/pim/viewEmployeeList
[INFO ] 10-02-2023 10:41:16 [main] [Log] - waitForElementClickableBy: Element By.xpath: //span[text()='Configuration '] : clickable
[INFO ] 10-02-2023 10:41:17 [main] [Log] - waitForElementClickableBy: Element By.xpath: //ul[@role='menu']//a[text()='Custom Fields'] : clickable
[INFO ] 10-02-2023 10:41:19 [main] [Log] - waitForElementClickableBy: Element By.xpath: //button[normalize-space()='Add'] : clickable
[INFO ] 10-02-2023 10:41:22 [main] [Log] - waitForElementVisibleWithBy: Element By.xpath: //label[contains(text(),'Field Name')]/following::input[1] : visible
[INFO ] 10-02-2023 10:41:23 [main] [Log] - waitForElementClickableBy: Element By.xpath: //label[contains(text(),'Screen')]/following::div[@class='oxd-select-wrapper'][1] : clickable
[INFO ] 10-02-2023 10:41:24 [main] [Log] - waitForElementClickableBy: Element By.xpath: //span[text()='Contact Details'] : clickable
[INFO ] 10-02-2023 10:41:24 [main] [Log] - waitForElementClickableBy: Element By.xpath: //label[contains(text(),'Type')]/following::div[@class='oxd-select-wrapper'][1] : clickable
[INFO ] 10-02-2023 10:41:24 [main] [Log] - waitForElementClickableBy: Element By.xpath: //span[text()='Text or Number'] : clickable
[INFO ] 10-02-2023 10:41:24 [main] [Log] - waitForElementClickableBy: Element By.xpath: //button[normalize-space()='Save'] : clickable
[INFO ] 10-02-2023 10:41:29 [main] [Log] - waitForElementVisibleWithBy: Element By.xpath: //div[text()='name'] : visible
[INFO ] 10-02-2023 10:41:29 [main] [Log] - waitForElementVisibleWithBy: Element By.xpath: //div[text()='Contact Details'] : visible
[INFO ] 10-02-2023 10:41:29 [main] [Log] - waitForElementVisibleWithBy: Element By.xpath: //div[text()='Text or Number'] : visible
[INFO ] 10-02-2023 10:41:29 [main] [Log] - waitForElementClickableBy: Element By.xpath: (//div[text()='name']/following::div/button)[1] : clickable
[INFO ] 10-02-2023 10:41:29 [main] [Log] - waitForElementClickableBy: Element By.xpath: (//div[text()='name']/following::div/button)[1] : clickable
[INFO ] 10-02-2023 10:41:30 [main] [Log] - waitForElementClickableBy: Element By.xpath: //button[text()=' Yes, Delete '] : clickable
[INFO ] 10-02-2023 10:41:30 [main] [Log] - 
TestListener: COMPLETED TC: TC2 - PASS 
---------------------------------------------------------------
[INFO ] 10-02-2023 10:41:30 [main] [Log] - 
---------------------------------------------------------------
TestListener: START TC:  TC3
[INFO ] 10-02-2023 10:41:30 [main] [Log] - waitForElementClickableBy: Element By.xpath: //span[text()='PIM'] : clickable
[INFO ] 10-02-2023 10:41:34 [main] [Log] - Actual URL: https://opensource-demo.orangehrmlive.com/web/index.php/pim/viewEmployeeList
[INFO ] 10-02-2023 10:41:34 [main] [Log] - waitForElementClickableBy: Element By.xpath: //a[text()='Add Employee'] : clickable
[INFO ] 10-02-2023 10:41:35 [main] [Log] - waitForElementVisibleWithBy: Element By.xpath: //input[contains(@placeholder,'First Name')] : visible
[INFO ] 10-02-2023 10:41:35 [main] [Log] - waitForElementVisibleWithBy: Element By.xpath: //input[contains(@placeholder,'Middle Name')] : visible
[INFO ] 10-02-2023 10:41:35 [main] [Log] - waitForElementVisibleWithBy: Element By.xpath: //input[contains(@placeholder,'Last Name')] : visible
[INFO ] 10-02-2023 10:41:36 [main] [Log] - waitForElementVisibleWithBy: Element By.xpath: //label[contains(text(),'Employee Id')]/following::input[1] : visible
[INFO ] 10-02-2023 10:41:38 [main] [Log] - check data input  - Actual: 031312345 ; Expected: 12345 -> VERIFY : false
[INFO ] 10-02-2023 10:41:38 [main] [Log] - 
TestListener: COMPLETED TC: TC3 - FAIL 
---------------------------------------------------------------
[INFO ] 10-02-2023 10:41:38 [main] [Log] - captureScreenshot: Screenshot taken current URL: https://opensource-demo.orangehrmlive.com/web/index.php/pim/addEmployee
[ERROR] 10-02-2023 10:41:38 [main] [Log] - FAILED !! Screenshot for test case: TC3
[ERROR] 10-02-2023 10:41:39 [main] [Log] - java.lang.AssertionError: expected [12345] but found [031312345]
[INFO ] 10-02-2023 10:41:39 [main] [Log] - 
---------------------------------------------------------------
TestListener: START TC:  TC4
[INFO ] 10-02-2023 10:41:39 [main] [Log] - waitForElementClickableBy: Element By.xpath: //span[text()='PIM'] : clickable
[INFO ] 10-02-2023 10:41:44 [main] [Log] - Actual URL: https://opensource-demo.orangehrmlive.com/web/index.php/pim/viewEmployeeList
[INFO ] 10-02-2023 10:41:44 [main] [Log] - waitForElementClickableBy: Element By.xpath: //a[text()='Employee List'] : clickable
[INFO ] 10-02-2023 10:41:53 [main] [Log] - waitForElementVisibleWithBy: Element By.xpath: //label[contains(text(),'Employee Id')]/following::input[1] : visible
[INFO ] 10-02-2023 10:41:54 [main] [Log] - waitForElementClickableBy: Element By.xpath: //button[normalize-space()='Search'] : clickable
[ERROR] 10-02-2023 10:42:04 [main] [Log] - waitForElementVisibleWithBy: Element By.xpath: //div[text()='Id']//following::div[text()='12345'] : invisible 
[INFO ] 10-02-2023 10:42:04 [main] [Log] - 
TestListener: COMPLETED TC: TC4 - FAIL 
---------------------------------------------------------------
[INFO ] 10-02-2023 10:42:04 [main] [Log] - captureScreenshot: Screenshot taken current URL: https://opensource-demo.orangehrmlive.com/web/index.php/pim/viewEmployeeList
[ERROR] 10-02-2023 10:42:04 [main] [Log] - FAILED !! Screenshot for test case: TC4
[ERROR] 10-02-2023 10:42:04 [main] [Log] - org.openqa.selenium.NoSuchElementException: no such element: Unable to locate element: {"method":"xpath","selector":"//div[text()='Id']//following::div[text()='12345']"}
  (Session info: chrome=109.0.5414.120)
For documentation on this error, please visit: https://selenium.dev/exceptions/#no_such_element
Build info: version: '4.3.0', revision: 'a4995e2c09*'
System info: host: 'DESKTOP-OOFBHA8', ip: '192.168.0.100', os.name: 'Windows 10', os.arch: 'amd64', os.version: '10.0', java.version: '11.0.12'
Driver info: org.openqa.selenium.chrome.ChromeDriver
Command: [88384fa55d0629a77fe79d4b400e4f84, findElement {using=xpath, value=//div[text()='Id']//following::div[text()='12345']}]
Capabilities {acceptInsecureCerts: true, browserName: chrome, browserVersion: 109.0.5414.120, chrome: {chromedriverVersion: 109.0.5414.74 (e7c5703604da..., userDataDir: C:\Users\ADMIN\AppData\Loca...}, goog:chromeOptions: {debuggerAddress: localhost:60402}, networkConnectionEnabled: false, pageLoadStrategy: normal, platformName: WINDOWS, proxy: Proxy(), se:cdp: ws://localhost:60402/devtoo..., se:cdpVersion: 109.0.5414.120, setWindowRect: true, strictFileInteractability: false, timeouts: {implicit: 0, pageLoad: 300000, script: 30000}, unhandledPromptBehavior: dismiss and notify, webauthn:extension:credBlob: true, webauthn:extension:largeBlob: true, webauthn:virtualAuthenticators: true}
Session ID: 88384fa55d0629a77fe79d4b400e4f84
[INFO ] 10-02-2023 10:42:04 [main] [Log] - 
---------------------------------------------------------------
TestListener: START TC:  TC5
[INFO ] 10-02-2023 10:42:04 [main] [Log] - waitForElementClickableBy: Element By.xpath: //span[text()='PIM'] : clickable
[INFO ] 10-02-2023 10:42:08 [main] [Log] - Actual URL: https://opensource-demo.orangehrmlive.com/web/index.php/pim/viewEmployeeList
[INFO ] 10-02-2023 10:42:08 [main] [Log] - waitForElementClickableBy: Element By.xpath: //a[text()='Reports'] : clickable
[INFO ] 10-02-2023 10:42:12 [main] [Log] - waitForElementClickableBy: Element By.xpath: //button[normalize-space()='Add'] : clickable
[INFO ] 10-02-2023 10:42:14 [main] [Log] - waitForElementVisibleWithBy: Element By.xpath: //label[contains(text(),'Report Name')]/following::input[1] : visible
[INFO ] 10-02-2023 10:42:14 [main] [Log] - waitForElementClickableBy: Element By.xpath: //label[contains(text(),'Selection Criteria')]/following::div[@class='oxd-select-wrapper'][1] : clickable
[INFO ] 10-02-2023 10:42:14 [main] [Log] - waitForElementClickableBy: Element By.xpath: //span[text()='Education'] : clickable
[INFO ] 10-02-2023 10:42:14 [main] [Log] - waitForElementClickableBy: Element By.xpath: //label[contains(text(),'Include')]/following::div[@class='oxd-select-wrapper'][1] : clickable
[INFO ] 10-02-2023 10:42:14 [main] [Log] - waitForElementClickableBy: Element By.xpath: //span[text()='Past Employees Only'] : clickable
[INFO ] 10-02-2023 10:42:14 [main] [Log] - waitForElementClickableBy: Element By.xpath: //label[contains(text(),'Field Group')]/following::div[@class='oxd-select-wrapper'][1] : clickable
[INFO ] 10-02-2023 10:42:14 [main] [Log] - waitForElementClickableBy: Element By.xpath: //span[text()='Personal'] : clickable
[INFO ] 10-02-2023 10:42:14 [main] [Log] - waitForElementClickableBy: Element By.xpath: (//button[@type='button'])[3] : clickable
[INFO ] 10-02-2023 10:42:15 [main] [Log] - waitForElementClickableBy: Element By.xpath: //button[normalize-space()='Save'] : clickable
[INFO ] 10-02-2023 10:42:15 [main] [Log] - 
TestListener: COMPLETED TC: TC5 - PASS 
---------------------------------------------------------------
[INFO ] 10-02-2023 10:42:15 [main] [Log] - 
TestListener: FINISH TESTING FOR TEST SUITE: Default Suite 
---------------------------------------------------------------
[INFO ] 10-02-2023 10:42:46 [main] [Log] - Loaded all properties files.
[INFO ] 10-02-2023 10:42:46 [main] [Log] - TestBase: Properties For Testing:
{databaseName=KETOAN_AUTO_HOADON, language=vi, exportVideoPath=ExportData/Videos, open_reports_after_execution=no, screenshot_all_steps=no, WAIT_DEFAULT=10, testing_version=1.0, CHROME_DRIVER=, author=MISA, reportTitle=AMIS ACCOUNTING | Automation Report, video_record=no, zip_folder=no, exportCapturePath=ExportData/Images, WAIT_PAGE_LOADED=30, projectName=AMIS ACCOUNTING, WAIT_EXPLICIT=10, extentReportFolder=ExtentReports, draw_border_err_element=yes, WAIT_IMPLICIT=3, extentReportName=ExtentReports, tfslink=http://tfs2017-01:8080/tfs/defaultcollection/SMECLOUD/_workitems?id=, loginExcelDataPath=src/test/resources/datatest/amisaccounting/LoginData.xlsx, screenshot_failed_steps=yes, browser=chrome, remote_url=localhost, remote_port=4444, screenshot_passed_steps=no, override_reports=yes, target=local, headless=false, ACTIVE_PAGE_LOADED=true, WAIT_SLEEP_STEP=1, screenshot_skipped_steps=yes, send_email_to_users=no}
[INFO ] 10-02-2023 10:42:46 [main] [Log] - 
---------------------------------------------------------------
TestListener: TESTING FOR TEST SUITE: Default Suite
---------------------------------------------------------------
[INFO ] 10-02-2023 10:42:47 [main] [WebDriverManager] - Using chromedriver 109.0.5414.74 (resolved driver for Chrome 109)
[INFO ] 10-02-2023 10:42:47 [main] [WebDriverManager] - Exporting webdriver.chrome.driver as C:\Users\ADMIN\.cache\selenium\chromedriver\win32\109.0.5414.74\chromedriver.exe
[INFO ] 10-02-2023 10:43:39 [main] [Log] - Actual URL: https://opensource-demo.orangehrmlive.com/web/index.php/auth/login
[INFO ] 10-02-2023 10:43:39 [main] [Log] - waitForElementVisibleWithBy: Element By.xpath: //input[contains(@placeholder,'Username')] : visible
[INFO ] 10-02-2023 10:43:39 [main] [Log] - waitForElementVisibleWithBy: Element By.xpath: //input[contains(@placeholder,'Password')] : visible
[INFO ] 10-02-2023 10:43:40 [main] [Log] - waitForElementClickableBy: Element By.xpath: //button[normalize-space()='Login'] : clickable
[INFO ] 10-02-2023 10:43:42 [main] [Log] - 
---------------------------------------------------------------
TestListener: START TC:  TC3
[INFO ] 10-02-2023 10:43:42 [main] [Log] - waitForElementClickableBy: Element By.xpath: //span[text()='PIM'] : clickable
[INFO ] 10-02-2023 10:43:46 [main] [Log] - Actual URL: https://opensource-demo.orangehrmlive.com/web/index.php/pim/viewEmployeeList
[INFO ] 10-02-2023 10:43:46 [main] [Log] - waitForElementClickableBy: Element By.xpath: //a[text()='Add Employee'] : clickable
[INFO ] 10-02-2023 10:43:48 [main] [Log] - waitForElementVisibleWithBy: Element By.xpath: //input[contains(@placeholder,'First Name')] : visible
[INFO ] 10-02-2023 10:43:48 [main] [Log] - waitForElementVisibleWithBy: Element By.xpath: //input[contains(@placeholder,'Middle Name')] : visible
[INFO ] 10-02-2023 10:43:49 [main] [Log] - waitForElementVisibleWithBy: Element By.xpath: //input[contains(@placeholder,'Last Name')] : visible
[INFO ] 10-02-2023 10:43:49 [main] [Log] - waitForElementVisibleWithBy: Element By.xpath: //label[contains(text(),'Employee Id')]/following::input[1] : visible
[INFO ] 10-02-2023 10:43:51 [main] [Log] - waitForElementClickableBy: Element By.xpath: //button[normalize-space()='Save'] : clickable
[INFO ] 10-02-2023 10:43:57 [main] [Log] - waitForElementVisibleWithBy: Element By.xpath: //label[contains(text(),'Nickname')]/following::input[1] : visible
[INFO ] 10-02-2023 10:43:57 [main] [Log] - waitForElementVisibleWithBy: Element By.xpath: //label[contains(text(),'Other Id')]/following::input[1] : visible
[INFO ] 10-02-2023 10:43:58 [main] [Log] - waitForElementVisibleWithBy: Element By.xpath: //label[contains(text(),'Driver')]/following::input[1] : visible
[INFO ] 10-02-2023 10:43:58 [main] [Log] - waitForElementClickableBy: Element By.xpath: //label[contains(text(),'License Expiry')]/following::div[contains(@class,'date-input')][1] : clickable
[INFO ] 10-02-2023 10:43:58 [main] [Log] - waitForElementClickableBy: Element By.xpath: //li[contains(@class,'month')] : clickable
[INFO ] 10-02-2023 10:43:59 [main] [Log] - waitForElementClickableBy: Element By.xpath: //li[contains(text(),'May')] : clickable
[INFO ] 10-02-2023 10:43:59 [main] [Log] - waitForElementClickableBy: Element By.xpath: //li[contains(@class,'year')] : clickable
[INFO ] 10-02-2023 10:44:00 [main] [Log] - waitForElementClickableBy: Element By.xpath: //li[contains(text(),'2019')] : clickable
[INFO ] 10-02-2023 10:44:00 [main] [Log] - waitForElementClickableBy: Element By.xpath: //div[text()='20'] : clickable
[INFO ] 10-02-2023 10:44:00 [main] [Log] - waitForElementClickableBy: Element By.xpath: //div[text()='20'] : clickable
[INFO ] 10-02-2023 10:44:00 [main] [Log] - waitForElementVisibleWithBy: Element By.xpath: //label[contains(text(),'SSN Number')]/following::input[1] : visible
[INFO ] 10-02-2023 10:44:00 [main] [Log] - waitForElementVisibleWithBy: Element By.xpath: //label[contains(text(),'SIN Number')]/following::input[1] : visible
[INFO ] 10-02-2023 10:44:00 [main] [Log] - waitForElementClickableBy: Element By.xpath: //label[contains(text(),'Nationality')]/following::div[@class='oxd-select-wrapper'][1] : clickable
[INFO ] 10-02-2023 10:44:01 [main] [Log] - waitForElementClickableBy: Element By.xpath: //span[text()='American'] : clickable
[INFO ] 10-02-2023 10:44:01 [main] [Log] - waitForElementClickableBy: Element By.xpath: //label[contains(text(),'Marital Status')]/following::div[@class='oxd-select-wrapper'][1] : clickable
[INFO ] 10-02-2023 10:44:01 [main] [Log] - waitForElementClickableBy: Element By.xpath: //span[text()='Single'] : clickable
[INFO ] 10-02-2023 10:44:01 [main] [Log] - waitForElementClickableBy: Element By.xpath: //label[contains(text(),'Birth')]/following::div[contains(@class,'date-input')][1] : clickable
[INFO ] 10-02-2023 10:44:01 [main] [Log] - waitForElementClickableBy: Element By.xpath: //li[contains(@class,'month')] : clickable
[INFO ] 10-02-2023 10:44:02 [main] [Log] - waitForElementClickableBy: Element By.xpath: //li[contains(text(),'February')] : clickable
[INFO ] 10-02-2023 10:44:02 [main] [Log] - waitForElementClickableBy: Element By.xpath: //li[contains(@class,'year')] : clickable
[INFO ] 10-02-2023 10:44:03 [main] [Log] - waitForElementClickableBy: Element By.xpath: //li[contains(text(),'2001')] : clickable
[INFO ] 10-02-2023 10:44:03 [main] [Log] - waitForElementClickableBy: Element By.xpath: //div[text()='20'] : clickable
[INFO ] 10-02-2023 10:44:03 [main] [Log] - waitForElementClickableBy: Element By.xpath: //div[text()='20'] : clickable
[INFO ] 10-02-2023 10:44:03 [main] [Log] - waitForElementClickableBy: Element By.xpath: //label[text()='Male'] : clickable
[INFO ] 10-02-2023 10:44:03 [main] [Log] - waitForElementClickableBy: Element By.xpath: //button[normalize-space()='Save'] : clickable
[INFO ] 10-02-2023 10:44:03 [main] [Log] - 
TestListener: COMPLETED TC: TC3 - PASS 
---------------------------------------------------------------
[INFO ] 10-02-2023 10:44:04 [main] [Log] - 
TestListener: FINISH TESTING FOR TEST SUITE: Default Suite 
---------------------------------------------------------------
