[INFO ] 08-02-2023 19:25:30 [main] [Log] - Loaded all properties files.
[INFO ] 08-02-2023 19:25:30 [main] [Log] - TestBase: Properties For Testing:
{databaseName=KETOAN_AUTO_HOADON, language=vi, exportVideoPath=ExportData/Videos, open_reports_after_execution=no, screenshot_all_steps=no, WAIT_DEFAULT=10, testing_version=1.0, CHROME_DRIVER=, author=MISA, reportTitle=AMIS ACCOUNTING | Automation Report, video_record=no, zip_folder=no, exportCapturePath=ExportData/Images, WAIT_PAGE_LOADED=30, projectName=AMIS ACCOUNTING, WAIT_EXPLICIT=10, extentReportFolder=ExtentReports, draw_border_err_element=yes, WAIT_IMPLICIT=3, extentReportName=ExtentReports, tfslink=http://tfs2017-01:8080/tfs/defaultcollection/SMECLOUD/_workitems?id=, loginExcelDataPath=src/test/resources/datatest/amisaccounting/LoginData.xlsx, screenshot_failed_steps=yes, browser=chrome, remote_url=localhost, remote_port=4444, screenshot_passed_steps=no, override_reports=yes, target=local, headless=false, ACTIVE_PAGE_LOADED=true, WAIT_SLEEP_STEP=1, screenshot_skipped_steps=yes, send_email_to_users=no}
[INFO ] 08-02-2023 19:25:30 [main] [Log] - 
---------------------------------------------------------------
TestListener: TESTING FOR TEST SUITE: Default Suite
---------------------------------------------------------------
[INFO ] 08-02-2023 19:25:34 [main] [WebDriverManager] - Using chromedriver 109.0.5414.74 (resolved driver for Chrome 109)
[INFO ] 08-02-2023 19:25:34 [main] [WebDriverManager] - Exporting webdriver.chrome.driver as C:\Users\ADMIN\.cache\selenium\chromedriver\win32\109.0.5414.74\chromedriver.exe
[INFO ] 08-02-2023 19:26:02 [main] [Log] - Actual URL: https://opensource-demo.orangehrmlive.com/web/index.php/auth/login
[INFO ] 08-02-2023 19:26:02 [main] [Log] - waitForElementVisibleWithBy: Element By.xpath: //input[contains(@placeholder,'Username')] : visible
[INFO ] 08-02-2023 19:26:03 [main] [Log] - waitForElementVisibleWithBy: Element By.xpath: //input[contains(@placeholder,'Password')] : visible
[INFO ] 08-02-2023 19:26:03 [main] [Log] - waitForElementClickableBy: Element By.xpath: //button[normalize-space()='Login'] : clickable
[INFO ] 08-02-2023 19:26:05 [main] [Log] - 
---------------------------------------------------------------
TestListener: START TC:  TC3
[INFO ] 08-02-2023 19:26:05 [main] [Log] - waitForElementClickableBy: Element By.xpath: //span[text()='PIM'] : clickable
[INFO ] 08-02-2023 19:26:09 [main] [Log] - Actual URL: https://opensource-demo.orangehrmlive.com/web/index.php/pim/viewEmployeeList
[INFO ] 08-02-2023 19:26:09 [main] [Log] - waitForElementClickableBy: Element By.xpath: //a[text()='Add Employee'] : clickable
[INFO ] 08-02-2023 19:26:10 [main] [Log] - 
TestListener: COMPLETED TC: TC3 - FAIL 
---------------------------------------------------------------
[INFO ] 08-02-2023 19:26:11 [main] [Log] - captureScreenshot: Screenshot taken current URL: https://opensource-demo.orangehrmlive.com/web/index.php/pim/addEmployee
[ERROR] 08-02-2023 19:26:11 [main] [Log] - FAILED !! Screenshot for test case: TC3
[ERROR] 08-02-2023 19:26:11 [main] [Log] - java.lang.ClassCastException: class java.lang.String cannot be cast to class org.openqa.selenium.WebElement (java.lang.String is in module java.base of loader 'bootstrap'; org.openqa.selenium.WebElement is in unnamed module of loader 'app')
[INFO ] 08-02-2023 19:26:11 [main] [Log] - 
TestListener: FINISH TESTING FOR TEST SUITE: Default Suite 
---------------------------------------------------------------
[INFO ] 08-02-2023 19:27:45 [main] [Log] - Loaded all properties files.
[INFO ] 08-02-2023 19:27:45 [main] [Log] - TestBase: Properties For Testing:
{databaseName=KETOAN_AUTO_HOADON, language=vi, exportVideoPath=ExportData/Videos, open_reports_after_execution=no, screenshot_all_steps=no, WAIT_DEFAULT=10, testing_version=1.0, CHROME_DRIVER=, author=MISA, reportTitle=AMIS ACCOUNTING | Automation Report, video_record=no, zip_folder=no, exportCapturePath=ExportData/Images, WAIT_PAGE_LOADED=30, projectName=AMIS ACCOUNTING, WAIT_EXPLICIT=10, extentReportFolder=ExtentReports, draw_border_err_element=yes, WAIT_IMPLICIT=3, extentReportName=ExtentReports, tfslink=http://tfs2017-01:8080/tfs/defaultcollection/SMECLOUD/_workitems?id=, loginExcelDataPath=src/test/resources/datatest/amisaccounting/LoginData.xlsx, screenshot_failed_steps=yes, browser=chrome, remote_url=localhost, remote_port=4444, screenshot_passed_steps=no, override_reports=yes, target=local, headless=false, ACTIVE_PAGE_LOADED=true, WAIT_SLEEP_STEP=1, screenshot_skipped_steps=yes, send_email_to_users=no}
[INFO ] 08-02-2023 19:27:45 [main] [Log] - 
---------------------------------------------------------------
TestListener: TESTING FOR TEST SUITE: Default Suite
---------------------------------------------------------------
[INFO ] 08-02-2023 19:27:47 [main] [WebDriverManager] - Using chromedriver 109.0.5414.74 (resolved driver for Chrome 109)
[INFO ] 08-02-2023 19:27:47 [main] [WebDriverManager] - Exporting webdriver.chrome.driver as C:\Users\ADMIN\.cache\selenium\chromedriver\win32\109.0.5414.74\chromedriver.exe
[INFO ] 08-02-2023 19:28:58 [main] [Log] - Actual URL: https://opensource-demo.orangehrmlive.com/web/index.php/auth/login
[INFO ] 08-02-2023 19:29:07 [main] [Log] - waitForElementVisibleWithBy: Element By.xpath: //input[contains(@placeholder,'Username')] : visible
[INFO ] 08-02-2023 19:29:12 [main] [Log] - waitForElementVisibleWithBy: Element By.xpath: //input[contains(@placeholder,'Password')] : visible
[INFO ] 08-02-2023 19:29:18 [main] [Log] - waitForElementClickableBy: Element By.xpath: //button[normalize-space()='Login'] : clickable
[INFO ] 08-02-2023 19:29:20 [main] [Log] - 
---------------------------------------------------------------
TestListener: START TC:  TC3
[INFO ] 08-02-2023 19:29:20 [main] [Log] - waitForElementClickableBy: Element By.xpath: //span[text()='PIM'] : clickable
[INFO ] 08-02-2023 19:29:25 [main] [Log] - Actual URL: https://opensource-demo.orangehrmlive.com/web/index.php/pim/viewEmployeeList
[INFO ] 08-02-2023 19:29:25 [main] [Log] - waitForElementClickableBy: Element By.xpath: //a[text()='Add Employee'] : clickable
[INFO ] 08-02-2023 19:29:26 [main] [Log] - 
TestListener: COMPLETED TC: TC3 - FAIL 
---------------------------------------------------------------
[INFO ] 08-02-2023 19:29:27 [main] [Log] - captureScreenshot: Screenshot taken current URL: https://opensource-demo.orangehrmlive.com/web/index.php/pim/addEmployee
[ERROR] 08-02-2023 19:29:27 [main] [Log] - FAILED !! Screenshot for test case: TC3
[ERROR] 08-02-2023 19:29:27 [main] [Log] - java.lang.ClassCastException: class java.lang.String cannot be cast to class org.openqa.selenium.WebElement (java.lang.String is in module java.base of loader 'bootstrap'; org.openqa.selenium.WebElement is in unnamed module of loader 'app')
[INFO ] 08-02-2023 19:29:27 [main] [Log] - 
TestListener: FINISH TESTING FOR TEST SUITE: Default Suite 
---------------------------------------------------------------
[INFO ] 08-02-2023 19:33:18 [main] [Log] - Loaded all properties files.
[INFO ] 08-02-2023 19:33:18 [main] [Log] - TestBase: Properties For Testing:
{databaseName=KETOAN_AUTO_HOADON, language=vi, exportVideoPath=ExportData/Videos, open_reports_after_execution=no, screenshot_all_steps=no, WAIT_DEFAULT=10, testing_version=1.0, CHROME_DRIVER=, author=MISA, reportTitle=AMIS ACCOUNTING | Automation Report, video_record=no, zip_folder=no, exportCapturePath=ExportData/Images, WAIT_PAGE_LOADED=30, projectName=AMIS ACCOUNTING, WAIT_EXPLICIT=10, extentReportFolder=ExtentReports, draw_border_err_element=yes, WAIT_IMPLICIT=3, extentReportName=ExtentReports, tfslink=http://tfs2017-01:8080/tfs/defaultcollection/SMECLOUD/_workitems?id=, loginExcelDataPath=src/test/resources/datatest/amisaccounting/LoginData.xlsx, screenshot_failed_steps=yes, browser=chrome, remote_url=localhost, remote_port=4444, screenshot_passed_steps=no, override_reports=yes, target=local, headless=false, ACTIVE_PAGE_LOADED=true, WAIT_SLEEP_STEP=1, screenshot_skipped_steps=yes, send_email_to_users=no}
[INFO ] 08-02-2023 19:33:18 [main] [Log] - 
---------------------------------------------------------------
TestListener: TESTING FOR TEST SUITE: Default Suite
---------------------------------------------------------------
[INFO ] 08-02-2023 19:33:19 [main] [WebDriverManager] - Using chromedriver 109.0.5414.74 (resolved driver for Chrome 109)
[INFO ] 08-02-2023 19:33:19 [main] [WebDriverManager] - Exporting webdriver.chrome.driver as C:\Users\ADMIN\.cache\selenium\chromedriver\win32\109.0.5414.74\chromedriver.exe
[INFO ] 08-02-2023 19:34:37 [main] [Log] - Actual URL: https://opensource-demo.orangehrmlive.com/web/index.php/auth/login
[INFO ] 08-02-2023 19:34:40 [main] [Log] - waitForElementVisibleWithBy: Element By.xpath: //input[contains(@placeholder,'Username')] : visible
[INFO ] 08-02-2023 19:34:45 [main] [Log] - waitForElementVisibleWithBy: Element By.xpath: //input[contains(@placeholder,'Password')] : visible
[INFO ] 08-02-2023 19:34:50 [main] [Log] - waitForElementClickableBy: Element By.xpath: //button[normalize-space()='Login'] : clickable
[INFO ] 08-02-2023 19:34:52 [main] [Log] - 
---------------------------------------------------------------
TestListener: START TC:  TC3
[INFO ] 08-02-2023 19:34:53 [main] [Log] - waitForElementClickableBy: Element By.xpath: //span[text()='PIM'] : clickable
[INFO ] 08-02-2023 19:34:58 [main] [Log] - Actual URL: https://opensource-demo.orangehrmlive.com/web/index.php/pim/viewEmployeeList
[INFO ] 08-02-2023 19:34:59 [main] [Log] - waitForElementClickableBy: Element By.xpath: //a[text()='Add Employee'] : clickable
[INFO ] 08-02-2023 19:35:00 [main] [Log] - waitForElementVisibleWithBy: Element By.xpath: //input[contains(@placeholder,'First Name')] : visible
[INFO ] 08-02-2023 19:35:04 [main] [Log] - waitForElementVisibleWithBy: Element By.xpath: //input[contains(@placeholder,'Middle Name')] : visible
[INFO ] 08-02-2023 19:35:09 [main] [Log] - waitForElementVisibleWithBy: Element By.xpath: //input[contains(@placeholder,'Last Name')] : visible
[INFO ] 08-02-2023 19:35:14 [main] [Log] - waitForElementVisibleWithBy: Element By.xpath: //label[text()='Employee Id']/following::input[1] : visible
[INFO ] 08-02-2023 19:35:27 [main] [Log] - 
TestListener: COMPLETED TC: TC3 - FAIL 
---------------------------------------------------------------
[INFO ] 08-02-2023 19:35:27 [main] [Log] - captureScreenshot: Screenshot taken current URL: https://opensource-demo.orangehrmlive.com/web/index.php/pim/addEmployee
[ERROR] 08-02-2023 19:35:27 [main] [Log] - FAILED !! Screenshot for test case: TC3
[ERROR] 08-02-2023 19:35:27 [main] [Log] - java.lang.ClassCastException: class java.lang.String cannot be cast to class org.openqa.selenium.WebElement (java.lang.String is in module java.base of loader 'bootstrap'; org.openqa.selenium.WebElement is in unnamed module of loader 'app')
[INFO ] 08-02-2023 19:35:27 [main] [Log] - 
TestListener: FINISH TESTING FOR TEST SUITE: Default Suite 
---------------------------------------------------------------
[INFO ] 08-02-2023 19:58:19 [main] [Log] - Loaded all properties files.
[INFO ] 08-02-2023 19:58:19 [main] [Log] - TestBase: Properties For Testing:
{databaseName=KETOAN_AUTO_HOADON, language=vi, exportVideoPath=ExportData/Videos, open_reports_after_execution=no, screenshot_all_steps=no, WAIT_DEFAULT=10, testing_version=1.0, CHROME_DRIVER=, author=MISA, reportTitle=AMIS ACCOUNTING | Automation Report, video_record=no, zip_folder=no, exportCapturePath=ExportData/Images, WAIT_PAGE_LOADED=30, projectName=AMIS ACCOUNTING, WAIT_EXPLICIT=10, extentReportFolder=ExtentReports, draw_border_err_element=yes, WAIT_IMPLICIT=3, extentReportName=ExtentReports, tfslink=http://tfs2017-01:8080/tfs/defaultcollection/SMECLOUD/_workitems?id=, loginExcelDataPath=src/test/resources/datatest/amisaccounting/LoginData.xlsx, screenshot_failed_steps=yes, browser=chrome, remote_url=localhost, remote_port=4444, screenshot_passed_steps=no, override_reports=yes, target=local, headless=false, ACTIVE_PAGE_LOADED=true, WAIT_SLEEP_STEP=1, screenshot_skipped_steps=yes, send_email_to_users=no}
[INFO ] 08-02-2023 19:58:19 [main] [Log] - 
---------------------------------------------------------------
TestListener: TESTING FOR TEST SUITE: Default Suite
---------------------------------------------------------------
[INFO ] 08-02-2023 19:58:21 [main] [WebDriverManager] - Using chromedriver 109.0.5414.74 (resolved driver for Chrome 109)
[INFO ] 08-02-2023 19:58:21 [main] [WebDriverManager] - Exporting webdriver.chrome.driver as C:\Users\ADMIN\.cache\selenium\chromedriver\win32\109.0.5414.74\chromedriver.exe
[ERROR] 08-02-2023 20:03:00 [main] [Log] - org.openqa.selenium.TimeoutException: java.util.concurrent.TimeoutException
Build info: version: '4.3.0', revision: 'a4995e2c09*'
System info: host: 'DESKTOP-OOFBHA8', ip: '192.168.43.239', os.name: 'Windows 10', os.arch: 'amd64', os.version: '10.0', java.version: '11.0.12'
Driver info: org.openqa.selenium.chrome.ChromeDriver
Command: [47d00a0fcc190732fef893e64a0ddc83, get {url=https://opensource-demo.orangehrmlive.com/web/index.php/auth/login}]
Capabilities {acceptInsecureCerts: true, browserName: chrome, browserVersion: 109.0.5414.120, chrome: {chromedriverVersion: 109.0.5414.74 (e7c5703604da..., userDataDir: C:\Users\ADMIN\AppData\Loca...}, goog:chromeOptions: {debuggerAddress: localhost:61493}, networkConnectionEnabled: false, pageLoadStrategy: normal, platformName: WINDOWS, proxy: Proxy(), se:cdp: ws://localhost:61493/devtoo..., se:cdpVersion: 109.0.5414.120, setWindowRect: true, strictFileInteractability: false, timeouts: {implicit: 0, pageLoad: 300000, script: 30000}, unhandledPromptBehavior: dismiss and notify, webauthn:extension:credBlob: true, webauthn:extension:largeBlob: true, webauthn:virtualAuthenticators: true}
Session ID: 47d00a0fcc190732fef893e64a0ddc83
[INFO ] 08-02-2023 20:03:00 [main] [Log] - 
---------------------------------------------------------------
TestListener: START TC:  TC3
[INFO ] 08-02-2023 20:03:00 [main] [Log] - 
TestListener: COMPLETED TC: TC3 - SKIP 
---------------------------------------------------------------
[INFO ] 08-02-2023 20:03:00 [main] [Log] - captureScreenshot: Screenshot taken current URL: https://opensource-demo.orangehrmlive.com/web/index.php/auth/login
[INFO ] 08-02-2023 20:03:00 [main] [Log] - 
TestListener: FINISH TESTING FOR TEST SUITE: Default Suite 
---------------------------------------------------------------
[INFO ] 08-02-2023 20:03:54 [main] [Log] - Loaded all properties files.
[INFO ] 08-02-2023 20:03:54 [main] [Log] - TestBase: Properties For Testing:
{databaseName=KETOAN_AUTO_HOADON, language=vi, exportVideoPath=ExportData/Videos, open_reports_after_execution=no, screenshot_all_steps=no, WAIT_DEFAULT=10, testing_version=1.0, CHROME_DRIVER=, author=MISA, reportTitle=AMIS ACCOUNTING | Automation Report, video_record=no, zip_folder=no, exportCapturePath=ExportData/Images, WAIT_PAGE_LOADED=30, projectName=AMIS ACCOUNTING, WAIT_EXPLICIT=10, extentReportFolder=ExtentReports, draw_border_err_element=yes, WAIT_IMPLICIT=3, extentReportName=ExtentReports, tfslink=http://tfs2017-01:8080/tfs/defaultcollection/SMECLOUD/_workitems?id=, loginExcelDataPath=src/test/resources/datatest/amisaccounting/LoginData.xlsx, screenshot_failed_steps=yes, browser=chrome, remote_url=localhost, remote_port=4444, screenshot_passed_steps=no, override_reports=yes, target=local, headless=false, ACTIVE_PAGE_LOADED=true, WAIT_SLEEP_STEP=1, screenshot_skipped_steps=yes, send_email_to_users=no}
[INFO ] 08-02-2023 20:03:54 [main] [Log] - 
---------------------------------------------------------------
TestListener: TESTING FOR TEST SUITE: Default Suite
---------------------------------------------------------------
[INFO ] 08-02-2023 20:03:55 [main] [WebDriverManager] - Using chromedriver 109.0.5414.74 (resolved driver for Chrome 109)
[INFO ] 08-02-2023 20:03:55 [main] [WebDriverManager] - Exporting webdriver.chrome.driver as C:\Users\ADMIN\.cache\selenium\chromedriver\win32\109.0.5414.74\chromedriver.exe
[ERROR] 08-02-2023 20:08:39 [main] [Log] - org.openqa.selenium.TimeoutException: java.util.concurrent.TimeoutException
Build info: version: '4.3.0', revision: 'a4995e2c09*'
System info: host: 'DESKTOP-OOFBHA8', ip: '192.168.43.239', os.name: 'Windows 10', os.arch: 'amd64', os.version: '10.0', java.version: '11.0.12'
Driver info: org.openqa.selenium.chrome.ChromeDriver
Command: [38236b7ea46ab38b4684a944684927ad, get {url=https://opensource-demo.orangehrmlive.com/web/index.php/auth/login}]
Capabilities {acceptInsecureCerts: true, browserName: chrome, browserVersion: 109.0.5414.120, chrome: {chromedriverVersion: 109.0.5414.74 (e7c5703604da..., userDataDir: C:\Users\ADMIN\AppData\Loca...}, goog:chromeOptions: {debuggerAddress: localhost:61936}, networkConnectionEnabled: false, pageLoadStrategy: normal, platformName: WINDOWS, proxy: Proxy(), se:cdp: ws://localhost:61936/devtoo..., se:cdpVersion: 109.0.5414.120, setWindowRect: true, strictFileInteractability: false, timeouts: {implicit: 0, pageLoad: 300000, script: 30000}, unhandledPromptBehavior: dismiss and notify, webauthn:extension:credBlob: true, webauthn:extension:largeBlob: true, webauthn:virtualAuthenticators: true}
Session ID: 38236b7ea46ab38b4684a944684927ad
[INFO ] 08-02-2023 20:08:39 [main] [Log] - 
---------------------------------------------------------------
TestListener: START TC:  TC3
[INFO ] 08-02-2023 20:08:39 [main] [Log] - 
TestListener: COMPLETED TC: TC3 - SKIP 
---------------------------------------------------------------
[INFO ] 08-02-2023 20:08:39 [main] [Log] - captureScreenshot: Screenshot taken current URL: https://opensource-demo.orangehrmlive.com/web/index.php/auth/login
[INFO ] 08-02-2023 20:08:40 [main] [Log] - 
TestListener: FINISH TESTING FOR TEST SUITE: Default Suite 
---------------------------------------------------------------
[INFO ] 08-02-2023 20:46:47 [main] [Log] - Loaded all properties files.
[INFO ] 08-02-2023 20:46:47 [main] [Log] - TestBase: Properties For Testing:
{databaseName=KETOAN_AUTO_HOADON, language=vi, exportVideoPath=ExportData/Videos, open_reports_after_execution=no, screenshot_all_steps=no, WAIT_DEFAULT=10, testing_version=1.0, CHROME_DRIVER=, author=MISA, reportTitle=AMIS ACCOUNTING | Automation Report, video_record=no, zip_folder=no, exportCapturePath=ExportData/Images, WAIT_PAGE_LOADED=30, projectName=AMIS ACCOUNTING, WAIT_EXPLICIT=10, extentReportFolder=ExtentReports, draw_border_err_element=yes, WAIT_IMPLICIT=3, extentReportName=ExtentReports, tfslink=http://tfs2017-01:8080/tfs/defaultcollection/SMECLOUD/_workitems?id=, loginExcelDataPath=src/test/resources/datatest/amisaccounting/LoginData.xlsx, screenshot_failed_steps=yes, browser=chrome, remote_url=localhost, remote_port=4444, screenshot_passed_steps=no, override_reports=yes, target=local, headless=false, ACTIVE_PAGE_LOADED=true, WAIT_SLEEP_STEP=1, screenshot_skipped_steps=yes, send_email_to_users=no}
[INFO ] 08-02-2023 20:46:47 [main] [Log] - 
---------------------------------------------------------------
TestListener: TESTING FOR TEST SUITE: Default Suite
---------------------------------------------------------------
[INFO ] 08-02-2023 20:46:49 [main] [WebDriverManager] - Using chromedriver 109.0.5414.74 (resolved driver for Chrome 109)
[INFO ] 08-02-2023 20:46:49 [main] [WebDriverManager] - Exporting webdriver.chrome.driver as C:\Users\ADMIN\.cache\selenium\chromedriver\win32\109.0.5414.74\chromedriver.exe
[ERROR] 08-02-2023 20:51:53 [main] [Log] - org.openqa.selenium.TimeoutException: java.util.concurrent.TimeoutException
Build info: version: '4.3.0', revision: 'a4995e2c09*'
System info: host: 'DESKTOP-OOFBHA8', ip: '192.168.43.239', os.name: 'Windows 10', os.arch: 'amd64', os.version: '10.0', java.version: '11.0.12'
Driver info: org.openqa.selenium.chrome.ChromeDriver
Command: [151a39215b182dc36d053e1fc37fcfea, get {url=https://opensource-demo.orangehrmlive.com/web/index.php/auth/login}]
Capabilities {acceptInsecureCerts: true, browserName: chrome, browserVersion: 109.0.5414.120, chrome: {chromedriverVersion: 109.0.5414.74 (e7c5703604da..., userDataDir: C:\Users\ADMIN\AppData\Loca...}, goog:chromeOptions: {debuggerAddress: localhost:63392}, networkConnectionEnabled: false, pageLoadStrategy: normal, platformName: WINDOWS, proxy: Proxy(), se:cdp: ws://localhost:63392/devtoo..., se:cdpVersion: 109.0.5414.120, setWindowRect: true, strictFileInteractability: false, timeouts: {implicit: 0, pageLoad: 300000, script: 30000}, unhandledPromptBehavior: dismiss and notify, webauthn:extension:credBlob: true, webauthn:extension:largeBlob: true, webauthn:virtualAuthenticators: true}
Session ID: 151a39215b182dc36d053e1fc37fcfea
[INFO ] 08-02-2023 20:51:53 [main] [Log] - 
---------------------------------------------------------------
TestListener: START TC:  TC3
[INFO ] 08-02-2023 20:51:53 [main] [Log] - 
TestListener: COMPLETED TC: TC3 - SKIP 
---------------------------------------------------------------
[INFO ] 08-02-2023 20:51:53 [main] [Log] - captureScreenshot: Screenshot taken current URL: https://opensource-demo.orangehrmlive.com/web/index.php/auth/login
[INFO ] 08-02-2023 20:51:54 [main] [Log] - 
TestListener: FINISH TESTING FOR TEST SUITE: Default Suite 
---------------------------------------------------------------
[INFO ] 08-02-2023 21:00:54 [main] [Log] - Loaded all properties files.
[INFO ] 08-02-2023 21:00:54 [main] [Log] - TestBase: Properties For Testing:
{databaseName=KETOAN_AUTO_HOADON, language=vi, exportVideoPath=ExportData/Videos, open_reports_after_execution=no, screenshot_all_steps=no, WAIT_DEFAULT=10, testing_version=1.0, CHROME_DRIVER=, author=MISA, reportTitle=AMIS ACCOUNTING | Automation Report, video_record=no, zip_folder=no, exportCapturePath=ExportData/Images, WAIT_PAGE_LOADED=30, projectName=AMIS ACCOUNTING, WAIT_EXPLICIT=10, extentReportFolder=ExtentReports, draw_border_err_element=yes, WAIT_IMPLICIT=3, extentReportName=ExtentReports, tfslink=http://tfs2017-01:8080/tfs/defaultcollection/SMECLOUD/_workitems?id=, loginExcelDataPath=src/test/resources/datatest/amisaccounting/LoginData.xlsx, screenshot_failed_steps=yes, browser=chrome, remote_url=localhost, remote_port=4444, screenshot_passed_steps=no, override_reports=yes, target=local, headless=false, ACTIVE_PAGE_LOADED=true, WAIT_SLEEP_STEP=1, screenshot_skipped_steps=yes, send_email_to_users=no}
[INFO ] 08-02-2023 21:00:54 [main] [Log] - 
---------------------------------------------------------------
TestListener: TESTING FOR TEST SUITE: Default Suite
---------------------------------------------------------------
[INFO ] 08-02-2023 21:00:56 [main] [WebDriverManager] - Using chromedriver 109.0.5414.74 (resolved driver for Chrome 109)
[INFO ] 08-02-2023 21:00:56 [main] [WebDriverManager] - Exporting webdriver.chrome.driver as C:\Users\ADMIN\.cache\selenium\chromedriver\win32\109.0.5414.74\chromedriver.exe
[ERROR] 08-02-2023 21:05:56 [main] [Log] - org.openqa.selenium.TimeoutException: java.util.concurrent.TimeoutException
Build info: version: '4.3.0', revision: 'a4995e2c09*'
System info: host: 'DESKTOP-OOFBHA8', ip: '192.168.43.239', os.name: 'Windows 10', os.arch: 'amd64', os.version: '10.0', java.version: '11.0.12'
Driver info: org.openqa.selenium.chrome.ChromeDriver
Command: [f6e161f0d501c43a63d2ef6856c6a0cf, get {url=https://opensource-demo.orangehrmlive.com/web/index.php/auth/login}]
Capabilities {acceptInsecureCerts: true, browserName: chrome, browserVersion: 109.0.5414.120, chrome: {chromedriverVersion: 109.0.5414.74 (e7c5703604da..., userDataDir: C:\Users\ADMIN\AppData\Loca...}, goog:chromeOptions: {debuggerAddress: localhost:64320}, networkConnectionEnabled: false, pageLoadStrategy: normal, platformName: WINDOWS, proxy: Proxy(), se:cdp: ws://localhost:64320/devtoo..., se:cdpVersion: 109.0.5414.120, setWindowRect: true, strictFileInteractability: false, timeouts: {implicit: 0, pageLoad: 300000, script: 30000}, unhandledPromptBehavior: dismiss and notify, webauthn:extension:credBlob: true, webauthn:extension:largeBlob: true, webauthn:virtualAuthenticators: true}
Session ID: f6e161f0d501c43a63d2ef6856c6a0cf
[INFO ] 08-02-2023 21:05:56 [main] [Log] - 
---------------------------------------------------------------
TestListener: START TC:  TC3
[INFO ] 08-02-2023 21:05:56 [main] [Log] - 
TestListener: COMPLETED TC: TC3 - SKIP 
---------------------------------------------------------------
[INFO ] 08-02-2023 21:05:56 [main] [Log] - captureScreenshot: Screenshot taken current URL: https://opensource-demo.orangehrmlive.com/web/index.php/auth/login
[INFO ] 08-02-2023 21:05:57 [main] [Log] - 
TestListener: FINISH TESTING FOR TEST SUITE: Default Suite 
---------------------------------------------------------------
[INFO ] 08-02-2023 21:06:08 [main] [Log] - Loaded all properties files.
[INFO ] 08-02-2023 21:06:08 [main] [Log] - TestBase: Properties For Testing:
{databaseName=KETOAN_AUTO_HOADON, language=vi, exportVideoPath=ExportData/Videos, open_reports_after_execution=no, screenshot_all_steps=no, WAIT_DEFAULT=10, testing_version=1.0, CHROME_DRIVER=, author=MISA, reportTitle=AMIS ACCOUNTING | Automation Report, video_record=no, zip_folder=no, exportCapturePath=ExportData/Images, WAIT_PAGE_LOADED=30, projectName=AMIS ACCOUNTING, WAIT_EXPLICIT=10, extentReportFolder=ExtentReports, draw_border_err_element=yes, WAIT_IMPLICIT=3, extentReportName=ExtentReports, tfslink=http://tfs2017-01:8080/tfs/defaultcollection/SMECLOUD/_workitems?id=, loginExcelDataPath=src/test/resources/datatest/amisaccounting/LoginData.xlsx, screenshot_failed_steps=yes, browser=chrome, remote_url=localhost, remote_port=4444, screenshot_passed_steps=no, override_reports=yes, target=local, headless=false, ACTIVE_PAGE_LOADED=true, WAIT_SLEEP_STEP=1, screenshot_skipped_steps=yes, send_email_to_users=no}
[INFO ] 08-02-2023 21:06:08 [main] [Log] - 
---------------------------------------------------------------
TestListener: TESTING FOR TEST SUITE: Default Suite
---------------------------------------------------------------
[INFO ] 08-02-2023 21:06:10 [main] [WebDriverManager] - Using chromedriver 109.0.5414.74 (resolved driver for Chrome 109)
[INFO ] 08-02-2023 21:06:10 [main] [WebDriverManager] - Exporting webdriver.chrome.driver as C:\Users\ADMIN\.cache\selenium\chromedriver\win32\109.0.5414.74\chromedriver.exe
[ERROR] 08-02-2023 21:09:33 [main] [Log] - org.openqa.selenium.TimeoutException: java.util.concurrent.TimeoutException
Build info: version: '4.3.0', revision: 'a4995e2c09*'
System info: host: 'DESKTOP-OOFBHA8', ip: '192.168.43.239', os.name: 'Windows 10', os.arch: 'amd64', os.version: '10.0', java.version: '11.0.12'
Driver info: org.openqa.selenium.chrome.ChromeDriver
Command: [aa44d643ec69f43a57bf053f01927c58, get {url=https://opensource-demo.orangehrmlive.com/web/index.php/auth/login}]
Capabilities {acceptInsecureCerts: true, browserName: chrome, browserVersion: 109.0.5414.120, chrome: {chromedriverVersion: 109.0.5414.74 (e7c5703604da..., userDataDir: C:\Users\ADMIN\AppData\Loca...}, goog:chromeOptions: {debuggerAddress: localhost:64743}, networkConnectionEnabled: false, pageLoadStrategy: normal, platformName: WINDOWS, proxy: Proxy(), se:cdp: ws://localhost:64743/devtoo..., se:cdpVersion: 109.0.5414.120, setWindowRect: true, strictFileInteractability: false, timeouts: {implicit: 0, pageLoad: 300000, script: 30000}, unhandledPromptBehavior: dismiss and notify, webauthn:extension:credBlob: true, webauthn:extension:largeBlob: true, webauthn:virtualAuthenticators: true}
Session ID: aa44d643ec69f43a57bf053f01927c58
[INFO ] 08-02-2023 21:09:33 [main] [Log] - 
---------------------------------------------------------------
TestListener: START TC:  TC3
[INFO ] 08-02-2023 21:09:33 [main] [Log] - 
TestListener: COMPLETED TC: TC3 - SKIP 
---------------------------------------------------------------
[INFO ] 08-02-2023 21:09:33 [main] [Log] - captureScreenshot: Screenshot taken current URL: https://opensource-demo.orangehrmlive.com/web/index.php/auth/login
[INFO ] 08-02-2023 21:09:34 [main] [Log] - 
TestListener: FINISH TESTING FOR TEST SUITE: Default Suite 
---------------------------------------------------------------
[INFO ] 08-02-2023 21:17:55 [main] [Log] - Loaded all properties files.
[INFO ] 08-02-2023 21:17:55 [main] [Log] - TestBase: Properties For Testing:
{databaseName=KETOAN_AUTO_HOADON, language=vi, exportVideoPath=ExportData/Videos, open_reports_after_execution=no, screenshot_all_steps=no, WAIT_DEFAULT=10, testing_version=1.0, CHROME_DRIVER=, author=MISA, reportTitle=AMIS ACCOUNTING | Automation Report, video_record=no, zip_folder=no, exportCapturePath=ExportData/Images, WAIT_PAGE_LOADED=30, projectName=AMIS ACCOUNTING, WAIT_EXPLICIT=10, extentReportFolder=ExtentReports, draw_border_err_element=yes, WAIT_IMPLICIT=3, extentReportName=ExtentReports, tfslink=http://tfs2017-01:8080/tfs/defaultcollection/SMECLOUD/_workitems?id=, loginExcelDataPath=src/test/resources/datatest/amisaccounting/LoginData.xlsx, screenshot_failed_steps=yes, browser=chrome, remote_url=localhost, remote_port=4444, screenshot_passed_steps=no, override_reports=yes, target=local, headless=false, ACTIVE_PAGE_LOADED=true, WAIT_SLEEP_STEP=1, screenshot_skipped_steps=yes, send_email_to_users=no}
[INFO ] 08-02-2023 21:17:55 [main] [Log] - 
---------------------------------------------------------------
TestListener: TESTING FOR TEST SUITE: Default Suite
---------------------------------------------------------------
[INFO ] 08-02-2023 21:17:57 [main] [WebDriverManager] - Using chromedriver 109.0.5414.74 (resolved driver for Chrome 109)
[INFO ] 08-02-2023 21:17:57 [main] [WebDriverManager] - Exporting webdriver.chrome.driver as C:\Users\ADMIN\.cache\selenium\chromedriver\win32\109.0.5414.74\chromedriver.exe
[ERROR] 08-02-2023 21:21:27 [main] [Log] - org.openqa.selenium.TimeoutException: java.util.concurrent.TimeoutException
Build info: version: '4.3.0', revision: 'a4995e2c09*'
System info: host: 'DESKTOP-OOFBHA8', ip: '192.168.43.239', os.name: 'Windows 10', os.arch: 'amd64', os.version: '10.0', java.version: '11.0.12'
Driver info: org.openqa.selenium.chrome.ChromeDriver
Command: [f533c378402a1dd1f7723271f4e0f7f8, get {url=https://opensource-demo.orangehrmlive.com/web/index.php/auth/login}]
Capabilities {acceptInsecureCerts: true, browserName: chrome, browserVersion: 109.0.5414.120, chrome: {chromedriverVersion: 109.0.5414.74 (e7c5703604da..., userDataDir: C:\Users\ADMIN\AppData\Loca...}, goog:chromeOptions: {debuggerAddress: localhost:49307}, networkConnectionEnabled: false, pageLoadStrategy: normal, platformName: WINDOWS, proxy: Proxy(), se:cdp: ws://localhost:49307/devtoo..., se:cdpVersion: 109.0.5414.120, setWindowRect: true, strictFileInteractability: false, timeouts: {implicit: 0, pageLoad: 300000, script: 30000}, unhandledPromptBehavior: dismiss and notify, webauthn:extension:credBlob: true, webauthn:extension:largeBlob: true, webauthn:virtualAuthenticators: true}
Session ID: f533c378402a1dd1f7723271f4e0f7f8
[INFO ] 08-02-2023 21:21:27 [main] [Log] - 
---------------------------------------------------------------
TestListener: START TC:  TC1
[INFO ] 08-02-2023 21:21:27 [main] [Log] - 
TestListener: COMPLETED TC: TC1 - SKIP 
---------------------------------------------------------------
[INFO ] 08-02-2023 21:21:27 [main] [Log] - captureScreenshot: Screenshot taken current URL: https://opensource-demo.orangehrmlive.com/web/index.php/auth/login
[INFO ] 08-02-2023 21:21:28 [main] [Log] - 
---------------------------------------------------------------
TestListener: START TC:  TC2
[INFO ] 08-02-2023 21:21:28 [main] [Log] - 
TestListener: COMPLETED TC: TC2 - SKIP 
---------------------------------------------------------------
[INFO ] 08-02-2023 21:21:29 [main] [Log] - captureScreenshot: Screenshot taken current URL: https://opensource-demo.orangehrmlive.com/web/index.php/auth/login
[INFO ] 08-02-2023 21:21:29 [main] [Log] - 
---------------------------------------------------------------
TestListener: START TC:  TC2
[INFO ] 08-02-2023 21:21:29 [main] [Log] - 
TestListener: COMPLETED TC: TC2 - SKIP 
---------------------------------------------------------------
[INFO ] 08-02-2023 21:21:29 [main] [Log] - captureScreenshot: Screenshot taken current URL: https://opensource-demo.orangehrmlive.com/web/index.php/auth/login
[INFO ] 08-02-2023 21:21:29 [main] [Log] - 
---------------------------------------------------------------
TestListener: START TC:  TC3
[INFO ] 08-02-2023 21:21:29 [main] [Log] - 
TestListener: COMPLETED TC: TC3 - SKIP 
---------------------------------------------------------------
[INFO ] 08-02-2023 21:21:29 [main] [Log] - captureScreenshot: Screenshot taken current URL: https://opensource-demo.orangehrmlive.com/web/index.php/auth/login
[INFO ] 08-02-2023 21:21:30 [main] [Log] - 
TestListener: FINISH TESTING FOR TEST SUITE: Default Suite 
---------------------------------------------------------------
